2023-04-01 07:12:56 [INFO] : ++++++++++++++++++++++++++++++++++++++++++++
2023-04-01 07:12:56 [INFO] : 正在获取 [数字观星POC++] 威胁情报...
2023-04-01 07:12:58 [INFO] : 得到 [数字观星POC++] 最新威胁情报 [0] 条
2023-04-01 07:12:58 [INFO] : --------------------------------------------
2023-04-01 07:12:58 [INFO] : ++++++++++++++++++++++++++++++++++++++++++++
2023-04-01 07:12:58 [INFO] : 正在获取 [阿里云] 威胁情报...
2023-04-01 07:13:02 [INFO] : 得到 [阿里云] 最新威胁情报 [0] 条
2023-04-01 07:13:02 [INFO] : --------------------------------------------
2023-04-01 07:13:02 [INFO] : ++++++++++++++++++++++++++++++++++++++++++++
2023-04-01 07:13:02 [INFO] : 正在获取 [国家信息安全漏洞共享平台（CNVD）] 威胁情报...
2023-04-01 07:13:25 [INFO] : 得到 [国家信息安全漏洞共享平台（CNVD）] 最新威胁情报 [0] 条
2023-04-01 07:13:25 [INFO] : --------------------------------------------
2023-04-01 07:13:25 [INFO] : ++++++++++++++++++++++++++++++++++++++++++++
2023-04-01 07:13:25 [INFO] : 正在获取 [国家信息安全漏洞库（CNNVD）] 威胁情报...
2023-04-01 07:13:28 [WARNING] : 获取 [国家信息安全漏洞库（CNNVD）] 威胁情报失败： [HTTP Error 403]
2023-04-01 07:13:28 [INFO] : 得到 [国家信息安全漏洞库（CNNVD）] 最新威胁情报 [0] 条
2023-04-01 07:13:28 [INFO] : --------------------------------------------
2023-04-01 07:13:28 [INFO] : ++++++++++++++++++++++++++++++++++++++++++++
2023-04-01 07:13:28 [INFO] : 正在获取 [360 网络安全响应中心] 威胁情报...
2023-04-01 07:13:30 [INFO] : 得到 [360 网络安全响应中心] 最新威胁情报 [0] 条
2023-04-01 07:13:30 [INFO] : --------------------------------------------
2023-04-01 07:13:30 [INFO] : ++++++++++++++++++++++++++++++++++++++++++++
2023-04-01 07:13:30 [INFO] : 正在获取 [美国国家漏洞数据库（NVD）] 威胁情报...
2023-04-01 07:13:30 [INFO] : 得到 [美国国家漏洞数据库（NVD）] 最新威胁情报 [0] 条
2023-04-01 07:13:30 [INFO] : --------------------------------------------
2023-04-01 07:13:30 [INFO] : ++++++++++++++++++++++++++++++++++++++++++++
2023-04-01 07:13:30 [INFO] : 正在获取 [绿盟] 威胁情报...
2023-04-01 07:13:33 [INFO] : 得到 [绿盟] 最新威胁情报 [0] 条
2023-04-01 07:13:33 [INFO] : --------------------------------------------
2023-04-01 07:13:33 [INFO] : ++++++++++++++++++++++++++++++++++++++++++++
2023-04-01 07:13:33 [INFO] : 正在获取 [奇安信] 威胁情报...
2023-04-01 07:13:35 [INFO] : 得到 [奇安信] 最新威胁情报 [0] 条
2023-04-01 07:13:35 [INFO] : --------------------------------------------
2023-04-01 07:13:35 [INFO] : ++++++++++++++++++++++++++++++++++++++++++++
2023-04-01 07:13:35 [INFO] : 正在获取 [红后] 威胁情报...
2023-04-01 07:13:36 [INFO] : 得到 [红后] 最新威胁情报 [0] 条
2023-04-01 07:13:36 [INFO] : --------------------------------------------
2023-04-01 07:13:36 [INFO] : ++++++++++++++++++++++++++++++++++++++++++++
2023-04-01 07:13:36 [INFO] : 正在获取 [Tenable (Nessus)] 威胁情报...
2023-04-01 07:13:36 [INFO] : 得到 [Tenable (Nessus)] 最新威胁情报 [2] 条
2023-04-01 07:13:36 [INFO] : --------------------------------------------
2023-04-01 07:13:36 [INFO] : 
==============================================
[ TITLE ] NVIDIA DCGM for Linux contains a vulnerability in HostEngine (server component) where a user may cause a heap-based buffer overflow through the bound socket. A successful exploit of this vulnerability may lead to denial of service and data tampering.
[ TIME  ] 2023-04-01 04:15:00
[ CVE   ] CVE-2023-0208
[ SRC   ] Tenable (Nessus)
[ URL   ] https://www.tenable.com/cve/CVE-2023-0208
2023-04-01 07:13:36 [INFO] : 
==============================================
[ TITLE ] Improper Input Validation in GitHub repository firefly-iii/firefly-iii prior to 6.0.0.
[ TIME  ] 2023-04-01 02:15:00
[ CVE   ] CVE-2023-1789
[ SRC   ] Tenable (Nessus)
[ URL   ] https://www.tenable.com/cve/CVE-2023-1789
2023-04-01 07:13:37 [INFO] : [邮件] 正在通过 Github Actions 推送威胁情报...
2023-04-01 07:31:45 [INFO] : ++++++++++++++++++++++++++++++++++++++++++++
2023-04-01 07:31:45 [INFO] : 正在获取 [数字观星POC++] 威胁情报...
2023-04-01 07:31:47 [INFO] : 得到 [数字观星POC++] 最新威胁情报 [0] 条
2023-04-01 07:31:47 [INFO] : --------------------------------------------
2023-04-01 07:31:47 [INFO] : ++++++++++++++++++++++++++++++++++++++++++++
2023-04-01 07:31:47 [INFO] : 正在获取 [阿里云] 威胁情报...
2023-04-01 07:31:48 [INFO] : 得到 [阿里云] 最新威胁情报 [0] 条
2023-04-01 07:31:48 [INFO] : --------------------------------------------
2023-04-01 07:31:48 [INFO] : ++++++++++++++++++++++++++++++++++++++++++++
2023-04-01 07:31:48 [INFO] : 正在获取 [国家信息安全漏洞共享平台（CNVD）] 威胁情报...
2023-04-01 07:32:12 [INFO] : 得到 [国家信息安全漏洞共享平台（CNVD）] 最新威胁情报 [0] 条
2023-04-01 07:32:12 [INFO] : --------------------------------------------
2023-04-01 07:32:12 [INFO] : ++++++++++++++++++++++++++++++++++++++++++++
2023-04-01 07:32:12 [INFO] : 正在获取 [国家信息安全漏洞库（CNNVD）] 威胁情报...
2023-04-01 07:32:14 [WARNING] : 获取 [国家信息安全漏洞库（CNNVD）] 威胁情报失败： [HTTP Error 403]
2023-04-01 07:32:14 [INFO] : 得到 [国家信息安全漏洞库（CNNVD）] 最新威胁情报 [0] 条
2023-04-01 07:32:14 [INFO] : --------------------------------------------
2023-04-01 07:32:14 [INFO] : ++++++++++++++++++++++++++++++++++++++++++++
2023-04-01 07:32:14 [INFO] : 正在获取 [360 网络安全响应中心] 威胁情报...
2023-04-01 07:32:17 [INFO] : 得到 [360 网络安全响应中心] 最新威胁情报 [0] 条
2023-04-01 07:32:17 [INFO] : --------------------------------------------
2023-04-01 07:32:17 [INFO] : ++++++++++++++++++++++++++++++++++++++++++++
2023-04-01 07:32:17 [INFO] : 正在获取 [美国国家漏洞数据库（NVD）] 威胁情报...
2023-04-01 07:32:17 [INFO] : 得到 [美国国家漏洞数据库（NVD）] 最新威胁情报 [0] 条
2023-04-01 07:32:17 [INFO] : --------------------------------------------
2023-04-01 07:32:17 [INFO] : ++++++++++++++++++++++++++++++++++++++++++++
2023-04-01 07:32:17 [INFO] : 正在获取 [绿盟] 威胁情报...
2023-04-01 07:32:18 [INFO] : 得到 [绿盟] 最新威胁情报 [0] 条
2023-04-01 07:32:18 [INFO] : --------------------------------------------
2023-04-01 07:32:18 [INFO] : ++++++++++++++++++++++++++++++++++++++++++++
2023-04-01 07:32:18 [INFO] : 正在获取 [奇安信] 威胁情报...
2023-04-01 07:32:20 [INFO] : 得到 [奇安信] 最新威胁情报 [0] 条
2023-04-01 07:32:20 [INFO] : --------------------------------------------
2023-04-01 07:32:20 [INFO] : ++++++++++++++++++++++++++++++++++++++++++++
2023-04-01 07:32:20 [INFO] : 正在获取 [红后] 威胁情报...
2023-04-01 07:32:22 [INFO] : 得到 [红后] 最新威胁情报 [0] 条
2023-04-01 07:32:22 [INFO] : --------------------------------------------
2023-04-01 07:32:22 [INFO] : ++++++++++++++++++++++++++++++++++++++++++++
2023-04-01 07:32:22 [INFO] : 正在获取 [Tenable (Nessus)] 威胁情报...
2023-04-01 07:32:22 [INFO] : 得到 [Tenable (Nessus)] 最新威胁情报 [0] 条
2023-04-01 07:32:22 [INFO] : --------------------------------------------
2023-04-01 08:31:43 [INFO] : ++++++++++++++++++++++++++++++++++++++++++++
2023-04-01 08:31:43 [INFO] : 正在获取 [数字观星POC++] 威胁情报...
2023-04-01 08:31:44 [INFO] : 得到 [数字观星POC++] 最新威胁情报 [0] 条
2023-04-01 08:31:44 [INFO] : --------------------------------------------
2023-04-01 08:31:44 [INFO] : ++++++++++++++++++++++++++++++++++++++++++++
2023-04-01 08:31:44 [INFO] : 正在获取 [阿里云] 威胁情报...
2023-04-01 08:31:46 [INFO] : 得到 [阿里云] 最新威胁情报 [0] 条
2023-04-01 08:31:46 [INFO] : --------------------------------------------
2023-04-01 08:31:46 [INFO] : ++++++++++++++++++++++++++++++++++++++++++++
2023-04-01 08:31:46 [INFO] : 正在获取 [国家信息安全漏洞共享平台（CNVD）] 威胁情报...
2023-04-01 08:32:09 [INFO] : 得到 [国家信息安全漏洞共享平台（CNVD）] 最新威胁情报 [0] 条
2023-04-01 08:32:09 [INFO] : --------------------------------------------
2023-04-01 08:32:09 [INFO] : ++++++++++++++++++++++++++++++++++++++++++++
2023-04-01 08:32:09 [INFO] : 正在获取 [国家信息安全漏洞库（CNNVD）] 威胁情报...
2023-04-01 08:32:10 [WARNING] : 获取 [国家信息安全漏洞库（CNNVD）] 威胁情报失败： [HTTP Error 403]
2023-04-01 08:32:10 [INFO] : 得到 [国家信息安全漏洞库（CNNVD）] 最新威胁情报 [0] 条
2023-04-01 08:32:10 [INFO] : --------------------------------------------
2023-04-01 08:32:10 [INFO] : ++++++++++++++++++++++++++++++++++++++++++++
2023-04-01 08:32:10 [INFO] : 正在获取 [360 网络安全响应中心] 威胁情报...
2023-04-01 08:32:12 [INFO] : 得到 [360 网络安全响应中心] 最新威胁情报 [0] 条
2023-04-01 08:32:12 [INFO] : --------------------------------------------
2023-04-01 08:32:12 [INFO] : ++++++++++++++++++++++++++++++++++++++++++++
2023-04-01 08:32:12 [INFO] : 正在获取 [美国国家漏洞数据库（NVD）] 威胁情报...
2023-04-01 08:32:13 [INFO] : 得到 [美国国家漏洞数据库（NVD）] 最新威胁情报 [0] 条
2023-04-01 08:32:13 [INFO] : --------------------------------------------
2023-04-01 08:32:13 [INFO] : ++++++++++++++++++++++++++++++++++++++++++++
2023-04-01 08:32:13 [INFO] : 正在获取 [绿盟] 威胁情报...
2023-04-01 08:32:14 [INFO] : 得到 [绿盟] 最新威胁情报 [0] 条
2023-04-01 08:32:14 [INFO] : --------------------------------------------
2023-04-01 08:32:14 [INFO] : ++++++++++++++++++++++++++++++++++++++++++++
2023-04-01 08:32:14 [INFO] : 正在获取 [奇安信] 威胁情报...
2023-04-01 08:32:15 [INFO] : 得到 [奇安信] 最新威胁情报 [0] 条
2023-04-01 08:32:15 [INFO] : --------------------------------------------
2023-04-01 08:32:15 [INFO] : ++++++++++++++++++++++++++++++++++++++++++++
2023-04-01 08:32:15 [INFO] : 正在获取 [红后] 威胁情报...
2023-04-01 08:32:16 [INFO] : 得到 [红后] 最新威胁情报 [0] 条
2023-04-01 08:32:16 [INFO] : --------------------------------------------
2023-04-01 08:32:16 [INFO] : ++++++++++++++++++++++++++++++++++++++++++++
2023-04-01 08:32:16 [INFO] : 正在获取 [Tenable (Nessus)] 威胁情报...
2023-04-01 08:32:17 [INFO] : 得到 [Tenable (Nessus)] 最新威胁情报 [0] 条
2023-04-01 08:32:17 [INFO] : --------------------------------------------
2023-04-01 09:31:55 [INFO] : ++++++++++++++++++++++++++++++++++++++++++++
2023-04-01 09:31:55 [INFO] : 正在获取 [数字观星POC++] 威胁情报...
2023-04-01 09:31:57 [INFO] : 得到 [数字观星POC++] 最新威胁情报 [0] 条
2023-04-01 09:31:57 [INFO] : --------------------------------------------
2023-04-01 09:31:57 [INFO] : ++++++++++++++++++++++++++++++++++++++++++++
2023-04-01 09:31:57 [INFO] : 正在获取 [阿里云] 威胁情报...
2023-04-01 09:31:58 [INFO] : 得到 [阿里云] 最新威胁情报 [0] 条
2023-04-01 09:31:58 [INFO] : --------------------------------------------
2023-04-01 09:31:58 [INFO] : ++++++++++++++++++++++++++++++++++++++++++++
2023-04-01 09:31:58 [INFO] : 正在获取 [国家信息安全漏洞共享平台（CNVD）] 威胁情报...
2023-04-01 09:32:23 [INFO] : 得到 [国家信息安全漏洞共享平台（CNVD）] 最新威胁情报 [0] 条
2023-04-01 09:32:23 [INFO] : --------------------------------------------
2023-04-01 09:32:23 [INFO] : ++++++++++++++++++++++++++++++++++++++++++++
2023-04-01 09:32:23 [INFO] : 正在获取 [国家信息安全漏洞库（CNNVD）] 威胁情报...
2023-04-01 09:32:25 [WARNING] : 获取 [国家信息安全漏洞库（CNNVD）] 威胁情报失败： [HTTP Error 403]
2023-04-01 09:32:25 [INFO] : 得到 [国家信息安全漏洞库（CNNVD）] 最新威胁情报 [0] 条
2023-04-01 09:32:25 [INFO] : --------------------------------------------
2023-04-01 09:32:25 [INFO] : ++++++++++++++++++++++++++++++++++++++++++++
2023-04-01 09:32:25 [INFO] : 正在获取 [360 网络安全响应中心] 威胁情报...
2023-04-01 09:32:27 [INFO] : 得到 [360 网络安全响应中心] 最新威胁情报 [0] 条
2023-04-01 09:32:27 [INFO] : --------------------------------------------
2023-04-01 09:32:27 [INFO] : ++++++++++++++++++++++++++++++++++++++++++++
2023-04-01 09:32:27 [INFO] : 正在获取 [美国国家漏洞数据库（NVD）] 威胁情报...
2023-04-01 09:32:27 [INFO] : 得到 [美国国家漏洞数据库（NVD）] 最新威胁情报 [0] 条
2023-04-01 09:32:27 [INFO] : --------------------------------------------
2023-04-01 09:32:27 [INFO] : ++++++++++++++++++++++++++++++++++++++++++++
2023-04-01 09:32:27 [INFO] : 正在获取 [绿盟] 威胁情报...
2023-04-01 09:32:31 [INFO] : 得到 [绿盟] 最新威胁情报 [0] 条
2023-04-01 09:32:31 [INFO] : --------------------------------------------
2023-04-01 09:32:31 [INFO] : ++++++++++++++++++++++++++++++++++++++++++++
2023-04-01 09:32:31 [INFO] : 正在获取 [奇安信] 威胁情报...
2023-04-01 09:32:32 [INFO] : 得到 [奇安信] 最新威胁情报 [0] 条
2023-04-01 09:32:32 [INFO] : --------------------------------------------
2023-04-01 09:32:32 [INFO] : ++++++++++++++++++++++++++++++++++++++++++++
2023-04-01 09:32:32 [INFO] : 正在获取 [红后] 威胁情报...
2023-04-01 09:32:34 [INFO] : 得到 [红后] 最新威胁情报 [0] 条
2023-04-01 09:32:34 [INFO] : --------------------------------------------
2023-04-01 09:32:34 [INFO] : ++++++++++++++++++++++++++++++++++++++++++++
2023-04-01 09:32:34 [INFO] : 正在获取 [Tenable (Nessus)] 威胁情报...
2023-04-01 09:32:34 [INFO] : 得到 [Tenable (Nessus)] 最新威胁情报 [0] 条
2023-04-01 09:32:34 [INFO] : --------------------------------------------
2023-04-01 10:31:56 [INFO] : ++++++++++++++++++++++++++++++++++++++++++++
2023-04-01 10:31:56 [INFO] : 正在获取 [数字观星POC++] 威胁情报...
2023-04-01 10:31:57 [INFO] : 得到 [数字观星POC++] 最新威胁情报 [0] 条
2023-04-01 10:31:57 [INFO] : --------------------------------------------
2023-04-01 10:31:57 [INFO] : ++++++++++++++++++++++++++++++++++++++++++++
2023-04-01 10:31:57 [INFO] : 正在获取 [阿里云] 威胁情报...
2023-04-01 10:31:59 [INFO] : 得到 [阿里云] 最新威胁情报 [0] 条
2023-04-01 10:31:59 [INFO] : --------------------------------------------
2023-04-01 10:31:59 [INFO] : ++++++++++++++++++++++++++++++++++++++++++++
2023-04-01 10:31:59 [INFO] : 正在获取 [国家信息安全漏洞共享平台（CNVD）] 威胁情报...
2023-04-01 10:32:21 [INFO] : 得到 [国家信息安全漏洞共享平台（CNVD）] 最新威胁情报 [0] 条
2023-04-01 10:32:21 [INFO] : --------------------------------------------
2023-04-01 10:32:21 [INFO] : ++++++++++++++++++++++++++++++++++++++++++++
2023-04-01 10:32:21 [INFO] : 正在获取 [国家信息安全漏洞库（CNNVD）] 威胁情报...
2023-04-01 10:32:23 [WARNING] : 获取 [国家信息安全漏洞库（CNNVD）] 威胁情报失败： [HTTP Error 403]
2023-04-01 10:32:23 [INFO] : 得到 [国家信息安全漏洞库（CNNVD）] 最新威胁情报 [0] 条
2023-04-01 10:32:23 [INFO] : --------------------------------------------
2023-04-01 10:32:23 [INFO] : ++++++++++++++++++++++++++++++++++++++++++++
2023-04-01 10:32:23 [INFO] : 正在获取 [360 网络安全响应中心] 威胁情报...
2023-04-01 10:32:25 [INFO] : 得到 [360 网络安全响应中心] 最新威胁情报 [0] 条
2023-04-01 10:32:25 [INFO] : --------------------------------------------
2023-04-01 10:32:25 [INFO] : ++++++++++++++++++++++++++++++++++++++++++++
2023-04-01 10:32:25 [INFO] : 正在获取 [美国国家漏洞数据库（NVD）] 威胁情报...
2023-04-01 10:32:26 [INFO] : 得到 [美国国家漏洞数据库（NVD）] 最新威胁情报 [10] 条
2023-04-01 10:32:26 [INFO] : --------------------------------------------
2023-04-01 10:32:26 [INFO] : 
==============================================
[ TITLE ] ** DISPUTED ** A vulnerability, which was classified as critical, was found in Ubiquiti EdgeRouter X 2.0.9-hotfix.6. Affected is an unknown function of the component Static Routing Configuration Handler. The manipulation of the argument next-hop-interface leads to command injection. It is possible to launch the attack remotely. The exploit has been disclosed to the public and may be used. The real existence of this vulnerability is still doubted at the moment. VDB-223302 is the identifier assigned to this vulnerability. NOTE: The vendor position is that post-authentication issues are not accepted as vulnerabilities.
[ TIME  ] 2023-03-25 21:15:06 
[ CVE   ] CVE-2023-1457
[ SRC   ] 美国国家漏洞数据库（NVD）
[ URL   ] https://web.nvd.nist.gov/view/vuln/detail?vulnId=CVE-2023-1457
2023-04-01 10:32:26 [INFO] : 
==============================================
[ TITLE ] A vulnerability, which was classified as critical, has been found in Ubiquiti EdgeRouter X 2.0.9-hotfix.6. This issue affects some unknown processing of the component NAT Configuration Handler. The manipulation leads to command injection. The attack may be initiated remotely. The exploit has been disclosed to the public and may be used. The real existence of this vulnerability is still doubted at the moment. The identifier VDB-223301 was assigned to this vulnerability. NOTE: The vendor position is that post-authentication issues are not accepted as vulnerabilities.
[ TIME  ] 2023-03-25 21:15:06 
[ CVE   ] CVE-2023-1456
[ SRC   ] 美国国家漏洞数据库（NVD）
[ URL   ] https://web.nvd.nist.gov/view/vuln/detail?vulnId=CVE-2023-1456
2023-04-01 10:32:26 [INFO] : 
==============================================
[ TITLE ] An infinite recursion is triggered in Jettison when constructing a JSONArray from a Collection that contains a self-reference in one of its elements. This leads to a StackOverflowError exception being thrown.
[ TIME  ] 2023-03-22 06:15:09 
[ CVE   ] CVE-2023-1436
[ SRC   ] 美国国家漏洞数据库（NVD）
[ URL   ] https://web.nvd.nist.gov/view/vuln/detail?vulnId=CVE-2023-1436
2023-04-01 10:32:26 [INFO] : 
==============================================
[ TITLE ] Grafana is an open-source platform for monitoring and observability. Grafana had a stored XSS vulnerability in the Graphite FunctionDescription tooltip. The stored XSS vulnerability was possible due the value of the Function Description was not properly sanitized. An attacker needs to have control over the Graphite data source in order to manipulate a function description and a Grafana admin needs to configure the data source, later a Grafana user needs to select a tampered function and hover over the description. Users may upgrade to version 8.5.22, 9.2.15 and 9.3.11 to receive a fix.
[ TIME  ] 2023-03-23 08:15:12 
[ CVE   ] CVE-2023-1410
[ SRC   ] 美国国家漏洞数据库（NVD）
[ URL   ] https://web.nvd.nist.gov/view/vuln/detail?vulnId=CVE-2023-1410
2023-04-01 10:32:26 [INFO] : 
==============================================
[ TITLE ] The course participation report required additional checks to prevent roles being displayed which the user did not have access to view.
[ TIME  ] 2023-03-23 21:15:19 
[ CVE   ] CVE-2023-1402
[ SRC   ] 美国国家漏洞数据库（NVD）
[ URL   ] https://web.nvd.nist.gov/view/vuln/detail?vulnId=CVE-2023-1402
2023-04-01 10:32:26 [INFO] : 
==============================================
[ TITLE ] The Modern Events Calendar Lite WordPress plugin through 5.16.2 does not sanitise and escape some of its settings, which could allow high privilege users such as admin to perform Stored Cross-Site Scripting attacks even when the unfiltered_html capability is disallowed (for example in multisite setup).
[ TIME  ] 2023-03-27 16:15:09 
[ CVE   ] CVE-2023-1400
[ SRC   ] 美国国家漏洞数据库（NVD）
[ URL   ] https://web.nvd.nist.gov/view/vuln/detail?vulnId=CVE-2023-1400
2023-04-01 10:32:26 [INFO] : 
==============================================
[ TITLE ] [Json-smart](https://netplex.github.io/json-smart/) is a performance focused, JSON processor lib. When reaching a &acirc;&euro;&tilde;[&acirc;&euro;&tilde; or &acirc;&euro;&tilde;{&acirc;&euro;&tilde; character in the JSON input, the code parses an array or an object respectively. It was discovered that the code does not have any limit to the nesting of such arrays or objects. Since the parsing of nested arrays and objects is done recursively, nesting too many of them can cause a stack exhaustion (stack overflow) and crash the software.
[ TIME  ] 2023-03-22 06:15:09 
[ CVE   ] CVE-2023-1370
[ SRC   ] 美国国家漏洞数据库（NVD）
[ URL   ] https://web.nvd.nist.gov/view/vuln/detail?vulnId=CVE-2023-1370
2023-04-01 10:32:26 [INFO] : 
==============================================
[ TITLE ] An authenticated attacker can leverage an exposed resource.db() accessor method to smuggle Python method calls via a Jinja template, which can lead to code execution. This issue was resolved in the Managed and SaaS deployments on February 1, 2023, and in version 23.2.1 of the Self-Managed version of InsightCloudSec.
[ TIME  ] 2023-03-21 17:15:11 
[ CVE   ] CVE-2023-1306
[ SRC   ] 美国国家漏洞数据库（NVD）
[ URL   ] https://web.nvd.nist.gov/view/vuln/detail?vulnId=CVE-2023-1306
2023-04-01 10:32:26 [INFO] : 
==============================================
[ TITLE ] An authenticated attacker can leverage an exposed &acirc;&euro;&oelig;box&acirc;&euro;&#65533; object to read and write arbitrary files from disk, provided those files can be parsed as yaml or JSON. This issue was resolved in the Managed and SaaS deployments on February 1, 2023, and in version 23.2.1 of the Self-Managed version of InsightCloudSec.
[ TIME  ] 2023-03-21 17:15:11 
[ CVE   ] CVE-2023-1305
[ SRC   ] 美国国家漏洞数据库（NVD）
[ URL   ] https://web.nvd.nist.gov/view/vuln/detail?vulnId=CVE-2023-1305
2023-04-01 10:32:26 [INFO] : 
==============================================
[ TITLE ] An authenticated attacker can leverage an exposed getattr() method via a Jinja template to smuggle OS commands and perform other actions that are normally expected to be private methods. This issue was resolved in the Managed and SaaS deployments on February 1, 2023, and in version 23.2.1 of the Self-Managed version of InsightCloudSec.
[ TIME  ] 2023-03-21 17:15:11 
[ CVE   ] CVE-2023-1304
[ SRC   ] 美国国家漏洞数据库（NVD）
[ URL   ] https://web.nvd.nist.gov/view/vuln/detail?vulnId=CVE-2023-1304
2023-04-01 10:32:26 [INFO] : ++++++++++++++++++++++++++++++++++++++++++++
2023-04-01 10:32:26 [INFO] : 正在获取 [绿盟] 威胁情报...
2023-04-01 10:32:28 [INFO] : 得到 [绿盟] 最新威胁情报 [0] 条
2023-04-01 10:32:28 [INFO] : --------------------------------------------
2023-04-01 10:32:28 [INFO] : ++++++++++++++++++++++++++++++++++++++++++++
2023-04-01 10:32:28 [INFO] : 正在获取 [奇安信] 威胁情报...
2023-04-01 10:32:30 [INFO] : 得到 [奇安信] 最新威胁情报 [0] 条
2023-04-01 10:32:30 [INFO] : --------------------------------------------
2023-04-01 10:32:30 [INFO] : ++++++++++++++++++++++++++++++++++++++++++++
2023-04-01 10:32:30 [INFO] : 正在获取 [红后] 威胁情报...
2023-04-01 10:32:31 [INFO] : 得到 [红后] 最新威胁情报 [0] 条
2023-04-01 10:32:31 [INFO] : --------------------------------------------
2023-04-01 10:32:31 [INFO] : ++++++++++++++++++++++++++++++++++++++++++++
2023-04-01 10:32:31 [INFO] : 正在获取 [Tenable (Nessus)] 威胁情报...
2023-04-01 10:32:31 [INFO] : 得到 [Tenable (Nessus)] 最新威胁情报 [0] 条
2023-04-01 10:32:31 [INFO] : --------------------------------------------
2023-04-01 10:32:31 [INFO] : [邮件] 正在通过 Github Actions 推送威胁情报...
2023-04-01 11:32:02 [INFO] : ++++++++++++++++++++++++++++++++++++++++++++
2023-04-01 11:32:02 [INFO] : 正在获取 [数字观星POC++] 威胁情报...
2023-04-01 11:32:04 [INFO] : 得到 [数字观星POC++] 最新威胁情报 [0] 条
2023-04-01 11:32:04 [INFO] : --------------------------------------------
2023-04-01 11:32:04 [INFO] : ++++++++++++++++++++++++++++++++++++++++++++
2023-04-01 11:32:04 [INFO] : 正在获取 [阿里云] 威胁情报...
2023-04-01 11:32:07 [INFO] : 得到 [阿里云] 最新威胁情报 [0] 条
2023-04-01 11:32:07 [INFO] : --------------------------------------------
2023-04-01 11:32:07 [INFO] : ++++++++++++++++++++++++++++++++++++++++++++
2023-04-01 11:32:07 [INFO] : 正在获取 [国家信息安全漏洞共享平台（CNVD）] 威胁情报...
2023-04-01 11:32:30 [INFO] : 得到 [国家信息安全漏洞共享平台（CNVD）] 最新威胁情报 [0] 条
2023-04-01 11:32:30 [INFO] : --------------------------------------------
2023-04-01 11:32:30 [INFO] : ++++++++++++++++++++++++++++++++++++++++++++
2023-04-01 11:32:30 [INFO] : 正在获取 [国家信息安全漏洞库（CNNVD）] 威胁情报...
2023-04-01 11:32:32 [WARNING] : 获取 [国家信息安全漏洞库（CNNVD）] 威胁情报失败： [HTTP Error 403]
2023-04-01 11:32:32 [INFO] : 得到 [国家信息安全漏洞库（CNNVD）] 最新威胁情报 [0] 条
2023-04-01 11:32:32 [INFO] : --------------------------------------------
2023-04-01 11:32:32 [INFO] : ++++++++++++++++++++++++++++++++++++++++++++
2023-04-01 11:32:32 [INFO] : 正在获取 [360 网络安全响应中心] 威胁情报...
2023-04-01 11:32:34 [INFO] : 得到 [360 网络安全响应中心] 最新威胁情报 [0] 条
2023-04-01 11:32:34 [INFO] : --------------------------------------------
2023-04-01 11:32:34 [INFO] : ++++++++++++++++++++++++++++++++++++++++++++
2023-04-01 11:32:34 [INFO] : 正在获取 [美国国家漏洞数据库（NVD）] 威胁情报...
2023-04-01 11:32:34 [INFO] : 得到 [美国国家漏洞数据库（NVD）] 最新威胁情报 [0] 条
2023-04-01 11:32:34 [INFO] : --------------------------------------------
2023-04-01 11:32:34 [INFO] : ++++++++++++++++++++++++++++++++++++++++++++
2023-04-01 11:32:34 [INFO] : 正在获取 [绿盟] 威胁情报...
2023-04-01 11:32:35 [INFO] : 得到 [绿盟] 最新威胁情报 [0] 条
2023-04-01 11:32:35 [INFO] : --------------------------------------------
2023-04-01 11:32:35 [INFO] : ++++++++++++++++++++++++++++++++++++++++++++
2023-04-01 11:32:35 [INFO] : 正在获取 [奇安信] 威胁情报...
2023-04-01 11:32:38 [INFO] : 得到 [奇安信] 最新威胁情报 [0] 条
2023-04-01 11:32:38 [INFO] : --------------------------------------------
2023-04-01 11:32:38 [INFO] : ++++++++++++++++++++++++++++++++++++++++++++
2023-04-01 11:32:38 [INFO] : 正在获取 [红后] 威胁情报...
2023-04-01 11:32:39 [INFO] : 得到 [红后] 最新威胁情报 [0] 条
2023-04-01 11:32:39 [INFO] : --------------------------------------------
2023-04-01 11:32:39 [INFO] : ++++++++++++++++++++++++++++++++++++++++++++
2023-04-01 11:32:39 [INFO] : 正在获取 [Tenable (Nessus)] 威胁情报...
2023-04-01 11:32:39 [INFO] : 得到 [Tenable (Nessus)] 最新威胁情报 [10] 条
2023-04-01 11:32:39 [INFO] : --------------------------------------------
2023-04-01 11:32:39 [INFO] : 
==============================================
[ TITLE ] A vulnerability, which was classified as problematic, was found in SourceCodester Simple Task Allocation System 1.0. Affected is an unknown function of the file index.php. The manipulation of the argument page leads to information disclosure. It is possible to launch the attack remotely. The exploit has been disclosed to the public and may be used. The identifier of this vulnerability is VDB-224724.
[ TIME  ] 2023-04-01 09:15:00
[ CVE   ] CVE-2023-1790
[ SRC   ] Tenable (Nessus)
[ URL   ] https://www.tenable.com/cve/CVE-2023-1790
2023-04-01 11:32:39 [INFO] : 
==============================================
[ TITLE ] NVIDIA GPU Display Driver for Linux contains a vulnerability in the kernel mode layer, where improper restriction of operations within the bounds of a memory buffer can lead to denial of service, information disclosure, and data tampering.
[ TIME  ] 2023-04-01 05:15:00
[ CVE   ] CVE-2023-0198
[ SRC   ] Tenable (Nessus)
[ URL   ] https://www.tenable.com/cve/CVE-2023-0198
2023-04-01 11:32:39 [INFO] : 
==============================================
[ TITLE ] NVIDIA vGPU software contains a vulnerability in the Virtual GPU Manager, where a malicious user in a guest VM can cause a NULL-pointer dereference, which may lead to denial of service.
[ TIME  ] 2023-04-01 05:15:00
[ CVE   ] CVE-2023-0197
[ SRC   ] Tenable (Nessus)
[ URL   ] https://www.tenable.com/cve/CVE-2023-0197
2023-04-01 11:32:39 [INFO] : 
==============================================
[ TITLE ] NVIDIA GPU Display Driver for Windows contains a vulnerability in the kernel mode layer driver nvlddmkm.sys, where an can cause CWE-1284, which may lead to hypothetical Information leak of unimportant data such as local variable data of the driver
[ TIME  ] 2023-04-01 05:15:00
[ CVE   ] CVE-2023-0195
[ SRC   ] Tenable (Nessus)
[ URL   ] https://www.tenable.com/cve/CVE-2023-0195
2023-04-01 11:32:39 [INFO] : 
==============================================
[ TITLE ] NVIDIA GPU Display Driver for Windows and Linux contains a vulnerability in the kernel mode layer driver, where an invalid display configuration may lead to denial of service.
[ TIME  ] 2023-04-01 05:15:00
[ CVE   ] CVE-2023-0194
[ SRC   ] Tenable (Nessus)
[ URL   ] https://www.tenable.com/cve/CVE-2023-0194
2023-04-01 11:32:39 [INFO] : 
==============================================
[ TITLE ] NVIDIA GPU Display Driver for Windows contains a vulnerability in the kernel mode layer handler, where improper privilege management can lead to escalation of privileges and information disclosure.
[ TIME  ] 2023-04-01 05:15:00
[ CVE   ] CVE-2023-0192
[ SRC   ] Tenable (Nessus)
[ URL   ] https://www.tenable.com/cve/CVE-2023-0192
2023-04-01 11:32:39 [INFO] : 
==============================================
[ TITLE ] NVIDIA GPU Display Driver for Windows and Linux contains a vulnerability in the kernel mode layer handler, where an out-of-bounds access may lead to denial of service or data tampering.
[ TIME  ] 2023-04-01 05:15:00
[ CVE   ] CVE-2023-0191
[ SRC   ] Tenable (Nessus)
[ URL   ] https://www.tenable.com/cve/CVE-2023-0191
2023-04-01 11:32:39 [INFO] : 
==============================================
[ TITLE ] NVIDIA GPU Display Driver for Linux contains a vulnerability in the kernel mode layer handler which may lead to code execution, denial of service, escalation of privileges, information disclosure, and data tampering.
[ TIME  ] 2023-04-01 05:15:00
[ CVE   ] CVE-2023-0189
[ SRC   ] Tenable (Nessus)
[ URL   ] https://www.tenable.com/cve/CVE-2023-0189
2023-04-01 11:32:39 [INFO] : 
==============================================
[ TITLE ] NVIDIA GPU Display Driver for Windows and Linux contains a vulnerability in the kernel mode layer handler, where an unprivileged user can cause improper restriction of operations within the bounds of a memory buffer cause an out-of-bounds read, which may lead to denial of service.
[ TIME  ] 2023-04-01 05:15:00
[ CVE   ] CVE-2023-0188
[ SRC   ] Tenable (Nessus)
[ URL   ] https://www.tenable.com/cve/CVE-2023-0188
2023-04-01 11:32:39 [INFO] : 
==============================================
[ TITLE ] NVIDIA GPU Display Driver for Windows and Linux contains a vulnerability in the kernel mode layer handler, where an out-of-bounds read can lead to denial of service.
[ TIME  ] 2023-04-01 05:15:00
[ CVE   ] CVE-2023-0187
[ SRC   ] Tenable (Nessus)
[ URL   ] https://www.tenable.com/cve/CVE-2023-0187
2023-04-01 11:32:40 [INFO] : [邮件] 正在通过 Github Actions 推送威胁情报...
2023-04-01 12:45:08 [INFO] : ++++++++++++++++++++++++++++++++++++++++++++
2023-04-01 12:45:08 [INFO] : 正在获取 [数字观星POC++] 威胁情报...
2023-04-01 12:45:10 [INFO] : 得到 [数字观星POC++] 最新威胁情报 [0] 条
2023-04-01 12:45:10 [INFO] : --------------------------------------------
2023-04-01 12:45:10 [INFO] : ++++++++++++++++++++++++++++++++++++++++++++
2023-04-01 12:45:10 [INFO] : 正在获取 [阿里云] 威胁情报...
2023-04-01 12:45:12 [INFO] : 得到 [阿里云] 最新威胁情报 [0] 条
2023-04-01 12:45:12 [INFO] : --------------------------------------------
2023-04-01 12:45:12 [INFO] : ++++++++++++++++++++++++++++++++++++++++++++
2023-04-01 12:45:12 [INFO] : 正在获取 [国家信息安全漏洞共享平台（CNVD）] 威胁情报...
2023-04-01 12:45:41 [INFO] : 得到 [国家信息安全漏洞共享平台（CNVD）] 最新威胁情报 [0] 条
2023-04-01 12:45:41 [INFO] : --------------------------------------------
2023-04-01 12:45:41 [INFO] : ++++++++++++++++++++++++++++++++++++++++++++
2023-04-01 12:45:41 [INFO] : 正在获取 [国家信息安全漏洞库（CNNVD）] 威胁情报...
2023-04-01 12:45:43 [WARNING] : 获取 [国家信息安全漏洞库（CNNVD）] 威胁情报失败： [HTTP Error 403]
2023-04-01 12:45:43 [INFO] : 得到 [国家信息安全漏洞库（CNNVD）] 最新威胁情报 [0] 条
2023-04-01 12:45:43 [INFO] : --------------------------------------------
2023-04-01 12:45:43 [INFO] : ++++++++++++++++++++++++++++++++++++++++++++
2023-04-01 12:45:43 [INFO] : 正在获取 [360 网络安全响应中心] 威胁情报...
2023-04-01 12:45:46 [INFO] : 得到 [360 网络安全响应中心] 最新威胁情报 [0] 条
2023-04-01 12:45:46 [INFO] : --------------------------------------------
2023-04-01 12:45:46 [INFO] : ++++++++++++++++++++++++++++++++++++++++++++
2023-04-01 12:45:46 [INFO] : 正在获取 [美国国家漏洞数据库（NVD）] 威胁情报...
2023-04-01 12:45:46 [INFO] : 得到 [美国国家漏洞数据库（NVD）] 最新威胁情报 [0] 条
2023-04-01 12:45:46 [INFO] : --------------------------------------------
2023-04-01 12:45:46 [INFO] : ++++++++++++++++++++++++++++++++++++++++++++
2023-04-01 12:45:46 [INFO] : 正在获取 [绿盟] 威胁情报...
2023-04-01 12:45:48 [INFO] : 得到 [绿盟] 最新威胁情报 [0] 条
2023-04-01 12:45:48 [INFO] : --------------------------------------------
2023-04-01 12:45:48 [INFO] : ++++++++++++++++++++++++++++++++++++++++++++
2023-04-01 12:45:48 [INFO] : 正在获取 [奇安信] 威胁情报...
2023-04-01 12:45:49 [INFO] : 得到 [奇安信] 最新威胁情报 [0] 条
2023-04-01 12:45:49 [INFO] : --------------------------------------------
2023-04-01 12:45:49 [INFO] : ++++++++++++++++++++++++++++++++++++++++++++
2023-04-01 12:45:49 [INFO] : 正在获取 [红后] 威胁情报...
2023-04-01 12:45:51 [INFO] : 得到 [红后] 最新威胁情报 [0] 条
2023-04-01 12:45:51 [INFO] : --------------------------------------------
2023-04-01 12:45:51 [INFO] : ++++++++++++++++++++++++++++++++++++++++++++
2023-04-01 12:45:51 [INFO] : 正在获取 [Tenable (Nessus)] 威胁情报...
2023-04-01 12:45:51 [INFO] : 得到 [Tenable (Nessus)] 最新威胁情报 [0] 条
2023-04-01 12:45:51 [INFO] : --------------------------------------------
2023-04-01 13:32:01 [INFO] : ++++++++++++++++++++++++++++++++++++++++++++
2023-04-01 13:32:01 [INFO] : 正在获取 [数字观星POC++] 威胁情报...
2023-04-01 13:32:02 [INFO] : 得到 [数字观星POC++] 最新威胁情报 [0] 条
2023-04-01 13:32:02 [INFO] : --------------------------------------------
2023-04-01 13:32:02 [INFO] : ++++++++++++++++++++++++++++++++++++++++++++
2023-04-01 13:32:02 [INFO] : 正在获取 [阿里云] 威胁情报...
2023-04-01 13:32:05 [INFO] : 得到 [阿里云] 最新威胁情报 [0] 条
2023-04-01 13:32:05 [INFO] : --------------------------------------------
2023-04-01 13:32:05 [INFO] : ++++++++++++++++++++++++++++++++++++++++++++
2023-04-01 13:32:05 [INFO] : 正在获取 [国家信息安全漏洞共享平台（CNVD）] 威胁情报...
2023-04-01 13:32:32 [INFO] : 得到 [国家信息安全漏洞共享平台（CNVD）] 最新威胁情报 [0] 条
2023-04-01 13:32:32 [INFO] : --------------------------------------------
2023-04-01 13:32:32 [INFO] : ++++++++++++++++++++++++++++++++++++++++++++
2023-04-01 13:32:32 [INFO] : 正在获取 [国家信息安全漏洞库（CNNVD）] 威胁情报...
2023-04-01 13:32:34 [WARNING] : 获取 [国家信息安全漏洞库（CNNVD）] 威胁情报失败： [HTTP Error 403]
2023-04-01 13:32:34 [INFO] : 得到 [国家信息安全漏洞库（CNNVD）] 最新威胁情报 [0] 条
2023-04-01 13:32:34 [INFO] : --------------------------------------------
2023-04-01 13:32:35 [INFO] : ++++++++++++++++++++++++++++++++++++++++++++
2023-04-01 13:32:35 [INFO] : 正在获取 [360 网络安全响应中心] 威胁情报...
2023-04-01 13:32:37 [INFO] : 得到 [360 网络安全响应中心] 最新威胁情报 [0] 条
2023-04-01 13:32:37 [INFO] : --------------------------------------------
2023-04-01 13:32:37 [INFO] : ++++++++++++++++++++++++++++++++++++++++++++
2023-04-01 13:32:37 [INFO] : 正在获取 [美国国家漏洞数据库（NVD）] 威胁情报...
2023-04-01 13:32:37 [INFO] : 得到 [美国国家漏洞数据库（NVD）] 最新威胁情报 [0] 条
2023-04-01 13:32:37 [INFO] : --------------------------------------------
2023-04-01 13:32:37 [INFO] : ++++++++++++++++++++++++++++++++++++++++++++
2023-04-01 13:32:37 [INFO] : 正在获取 [绿盟] 威胁情报...
2023-04-01 13:32:38 [INFO] : 得到 [绿盟] 最新威胁情报 [0] 条
2023-04-01 13:32:38 [INFO] : --------------------------------------------
2023-04-01 13:32:38 [INFO] : ++++++++++++++++++++++++++++++++++++++++++++
2023-04-01 13:32:38 [INFO] : 正在获取 [奇安信] 威胁情报...
2023-04-01 13:32:40 [INFO] : 得到 [奇安信] 最新威胁情报 [0] 条
2023-04-01 13:32:40 [INFO] : --------------------------------------------
2023-04-01 13:32:40 [INFO] : ++++++++++++++++++++++++++++++++++++++++++++
2023-04-01 13:32:40 [INFO] : 正在获取 [红后] 威胁情报...
2023-04-01 13:32:41 [INFO] : 得到 [红后] 最新威胁情报 [0] 条
2023-04-01 13:32:41 [INFO] : --------------------------------------------
2023-04-01 13:32:41 [INFO] : ++++++++++++++++++++++++++++++++++++++++++++
2023-04-01 13:32:41 [INFO] : 正在获取 [Tenable (Nessus)] 威胁情报...
2023-04-01 13:32:42 [INFO] : 得到 [Tenable (Nessus)] 最新威胁情报 [0] 条
2023-04-01 13:32:42 [INFO] : --------------------------------------------
2023-04-01 14:31:57 [INFO] : ++++++++++++++++++++++++++++++++++++++++++++
2023-04-01 14:31:57 [INFO] : 正在获取 [数字观星POC++] 威胁情报...
2023-04-01 14:31:59 [INFO] : 得到 [数字观星POC++] 最新威胁情报 [0] 条
2023-04-01 14:31:59 [INFO] : --------------------------------------------
2023-04-01 14:31:59 [INFO] : ++++++++++++++++++++++++++++++++++++++++++++
2023-04-01 14:31:59 [INFO] : 正在获取 [阿里云] 威胁情报...
2023-04-01 14:32:02 [INFO] : 得到 [阿里云] 最新威胁情报 [0] 条
2023-04-01 14:32:02 [INFO] : --------------------------------------------
2023-04-01 14:32:02 [INFO] : ++++++++++++++++++++++++++++++++++++++++++++
2023-04-01 14:32:02 [INFO] : 正在获取 [国家信息安全漏洞共享平台（CNVD）] 威胁情报...
2023-04-01 14:32:29 [INFO] : 得到 [国家信息安全漏洞共享平台（CNVD）] 最新威胁情报 [0] 条
2023-04-01 14:32:29 [INFO] : --------------------------------------------
2023-04-01 14:32:29 [INFO] : ++++++++++++++++++++++++++++++++++++++++++++
2023-04-01 14:32:29 [INFO] : 正在获取 [国家信息安全漏洞库（CNNVD）] 威胁情报...
2023-04-01 14:32:31 [WARNING] : 获取 [国家信息安全漏洞库（CNNVD）] 威胁情报失败： [HTTP Error 403]
2023-04-01 14:32:31 [INFO] : 得到 [国家信息安全漏洞库（CNNVD）] 最新威胁情报 [0] 条
2023-04-01 14:32:31 [INFO] : --------------------------------------------
2023-04-01 14:32:31 [INFO] : ++++++++++++++++++++++++++++++++++++++++++++
2023-04-01 14:32:31 [INFO] : 正在获取 [360 网络安全响应中心] 威胁情报...
2023-04-01 14:32:33 [INFO] : 得到 [360 网络安全响应中心] 最新威胁情报 [0] 条
2023-04-01 14:32:33 [INFO] : --------------------------------------------
2023-04-01 14:32:33 [INFO] : ++++++++++++++++++++++++++++++++++++++++++++
2023-04-01 14:32:33 [INFO] : 正在获取 [美国国家漏洞数据库（NVD）] 威胁情报...
2023-04-01 14:32:33 [INFO] : 得到 [美国国家漏洞数据库（NVD）] 最新威胁情报 [0] 条
2023-04-01 14:32:33 [INFO] : --------------------------------------------
2023-04-01 14:32:33 [INFO] : ++++++++++++++++++++++++++++++++++++++++++++
2023-04-01 14:32:33 [INFO] : 正在获取 [绿盟] 威胁情报...
2023-04-01 14:32:35 [INFO] : 得到 [绿盟] 最新威胁情报 [0] 条
2023-04-01 14:32:35 [INFO] : --------------------------------------------
2023-04-01 14:32:35 [INFO] : ++++++++++++++++++++++++++++++++++++++++++++
2023-04-01 14:32:35 [INFO] : 正在获取 [奇安信] 威胁情报...
2023-04-01 14:32:37 [INFO] : 得到 [奇安信] 最新威胁情报 [0] 条
2023-04-01 14:32:37 [INFO] : --------------------------------------------
2023-04-01 14:32:37 [INFO] : ++++++++++++++++++++++++++++++++++++++++++++
2023-04-01 14:32:37 [INFO] : 正在获取 [红后] 威胁情报...
2023-04-01 14:32:38 [INFO] : 得到 [红后] 最新威胁情报 [8] 条
2023-04-01 14:32:38 [INFO] : --------------------------------------------
2023-04-01 14:32:38 [INFO] : 
==============================================
[ TITLE ] APACHE OPENOFFICE Vulnerability
[ TIME  ] 2023-04-01 20:26:13
[ CVE   ] CVE-2022-47502
[ SRC   ] 红后
[ URL   ] https://redqueen.tj-un.com/IntelDetails.html?id=b991e83000ea4819995967153494f756
2023-04-01 14:32:38 [INFO] : 
==============================================
[ TITLE ] GOOGLE ANDROID Vulnerability
[ TIME  ] 2023-04-01 20:26:06
[ CVE   ] CVE-2022-42500
[ SRC   ] 红后
[ URL   ] https://redqueen.tj-un.com/IntelDetails.html?id=c3300473dea84e2688dee598d415692b
2023-04-01 14:32:38 [INFO] : 
==============================================
[ TITLE ] GOOGLE ANDROID Vulnerability
[ TIME  ] 2023-04-01 20:25:53
[ CVE   ] CVE-2023-20911
[ SRC   ] 红后
[ URL   ] https://redqueen.tj-un.com/IntelDetails.html?id=57136aaf07464064832abfd1b0419032
2023-04-01 14:32:38 [INFO] : 
==============================================
[ TITLE ] GOOGLE ANDROID Vulnerability
[ TIME  ] 2023-04-01 20:25:45
[ CVE   ] CVE-2022-42499
[ SRC   ] 红后
[ URL   ] https://redqueen.tj-un.com/IntelDetails.html?id=f50da8ba5337449aaed400f2614edad7
2023-04-01 14:32:38 [INFO] : 
==============================================
[ TITLE ] GOOGLE ANDROID Vulnerability
[ TIME  ] 2023-04-01 20:25:39
[ CVE   ] CVE-2023-20936
[ SRC   ] 红后
[ URL   ] https://redqueen.tj-un.com/IntelDetails.html?id=5ccad0b0efbc4adaaa2a52a505bac3ec
2023-04-01 14:32:38 [INFO] : 
==============================================
[ TITLE ] GOOGLE ANDROID Vulnerability
[ TIME  ] 2023-04-01 20:25:32
[ CVE   ] CVE-2022-42528
[ SRC   ] 红后
[ URL   ] https://redqueen.tj-un.com/IntelDetails.html?id=c780bda5f10e484c914d7ed9a93e33de
2023-04-01 14:32:38 [INFO] : 
==============================================
[ TITLE ] GOOGLE ANDROID Vulnerability
[ TIME  ] 2023-04-01 20:25:26
[ CVE   ] CVE-2023-20954
[ SRC   ] 红后
[ URL   ] https://redqueen.tj-un.com/IntelDetails.html?id=3698ad052b54495ba209af7b54767afc
2023-04-01 14:32:38 [INFO] : 
==============================================
[ TITLE ] GOOGLE ANDROID Vulnerability
[ TIME  ] 2023-04-01 20:25:18
[ CVE   ] CVE-2023-20910
[ SRC   ] 红后
[ URL   ] https://redqueen.tj-un.com/IntelDetails.html?id=1e2c7e0f73224e008e3adfff4b53da02
2023-04-01 14:32:38 [INFO] : ++++++++++++++++++++++++++++++++++++++++++++
2023-04-01 14:32:38 [INFO] : 正在获取 [Tenable (Nessus)] 威胁情报...
2023-04-01 14:32:38 [INFO] : 得到 [Tenable (Nessus)] 最新威胁情报 [0] 条
2023-04-01 14:32:38 [INFO] : --------------------------------------------
2023-04-01 14:32:39 [INFO] : [邮件] 正在通过 Github Actions 推送威胁情报...
2023-04-01 15:31:57 [INFO] : ++++++++++++++++++++++++++++++++++++++++++++
2023-04-01 15:31:57 [INFO] : 正在获取 [数字观星POC++] 威胁情报...
2023-04-01 15:32:00 [INFO] : 得到 [数字观星POC++] 最新威胁情报 [0] 条
2023-04-01 15:32:00 [INFO] : --------------------------------------------
2023-04-01 15:32:00 [INFO] : ++++++++++++++++++++++++++++++++++++++++++++
2023-04-01 15:32:00 [INFO] : 正在获取 [阿里云] 威胁情报...
2023-04-01 15:32:03 [INFO] : 得到 [阿里云] 最新威胁情报 [0] 条
2023-04-01 15:32:03 [INFO] : --------------------------------------------
2023-04-01 15:32:03 [INFO] : ++++++++++++++++++++++++++++++++++++++++++++
2023-04-01 15:32:03 [INFO] : 正在获取 [国家信息安全漏洞共享平台（CNVD）] 威胁情报...
2023-04-01 15:32:31 [INFO] : 得到 [国家信息安全漏洞共享平台（CNVD）] 最新威胁情报 [0] 条
2023-04-01 15:32:31 [INFO] : --------------------------------------------
2023-04-01 15:32:31 [INFO] : ++++++++++++++++++++++++++++++++++++++++++++
2023-04-01 15:32:31 [INFO] : 正在获取 [国家信息安全漏洞库（CNNVD）] 威胁情报...
2023-04-01 15:32:33 [WARNING] : 获取 [国家信息安全漏洞库（CNNVD）] 威胁情报失败： [HTTP Error 403]
2023-04-01 15:32:33 [INFO] : 得到 [国家信息安全漏洞库（CNNVD）] 最新威胁情报 [0] 条
2023-04-01 15:32:33 [INFO] : --------------------------------------------
2023-04-01 15:32:33 [INFO] : ++++++++++++++++++++++++++++++++++++++++++++
2023-04-01 15:32:33 [INFO] : 正在获取 [360 网络安全响应中心] 威胁情报...
2023-04-01 15:32:36 [INFO] : 得到 [360 网络安全响应中心] 最新威胁情报 [0] 条
2023-04-01 15:32:36 [INFO] : --------------------------------------------
2023-04-01 15:32:36 [INFO] : ++++++++++++++++++++++++++++++++++++++++++++
2023-04-01 15:32:36 [INFO] : 正在获取 [美国国家漏洞数据库（NVD）] 威胁情报...
2023-04-01 15:32:36 [INFO] : 得到 [美国国家漏洞数据库（NVD）] 最新威胁情报 [0] 条
2023-04-01 15:32:36 [INFO] : --------------------------------------------
2023-04-01 15:32:36 [INFO] : ++++++++++++++++++++++++++++++++++++++++++++
2023-04-01 15:32:36 [INFO] : 正在获取 [绿盟] 威胁情报...
2023-04-01 15:32:37 [INFO] : 得到 [绿盟] 最新威胁情报 [0] 条
2023-04-01 15:32:37 [INFO] : --------------------------------------------
2023-04-01 15:32:37 [INFO] : ++++++++++++++++++++++++++++++++++++++++++++
2023-04-01 15:32:37 [INFO] : 正在获取 [奇安信] 威胁情报...
2023-04-01 15:32:39 [INFO] : 得到 [奇安信] 最新威胁情报 [0] 条
2023-04-01 15:32:39 [INFO] : --------------------------------------------
2023-04-01 15:32:39 [INFO] : ++++++++++++++++++++++++++++++++++++++++++++
2023-04-01 15:32:39 [INFO] : 正在获取 [红后] 威胁情报...
2023-04-01 15:32:41 [INFO] : 得到 [红后] 最新威胁情报 [0] 条
2023-04-01 15:32:41 [INFO] : --------------------------------------------
2023-04-01 15:32:41 [INFO] : ++++++++++++++++++++++++++++++++++++++++++++
2023-04-01 15:32:41 [INFO] : 正在获取 [Tenable (Nessus)] 威胁情报...
2023-04-01 15:32:41 [INFO] : 得到 [Tenable (Nessus)] 最新威胁情报 [0] 条
2023-04-01 15:32:41 [INFO] : --------------------------------------------
2023-04-01 16:35:42 [INFO] : ++++++++++++++++++++++++++++++++++++++++++++
2023-04-01 16:35:42 [INFO] : 正在获取 [数字观星POC++] 威胁情报...
2023-04-01 16:35:43 [INFO] : 得到 [数字观星POC++] 最新威胁情报 [0] 条
2023-04-01 16:35:43 [INFO] : --------------------------------------------
2023-04-01 16:35:43 [INFO] : ++++++++++++++++++++++++++++++++++++++++++++
2023-04-01 16:35:43 [INFO] : 正在获取 [阿里云] 威胁情报...
2023-04-01 16:35:44 [INFO] : 得到 [阿里云] 最新威胁情报 [0] 条
2023-04-01 16:35:44 [INFO] : --------------------------------------------
2023-04-01 16:35:44 [INFO] : ++++++++++++++++++++++++++++++++++++++++++++
2023-04-01 16:35:44 [INFO] : 正在获取 [国家信息安全漏洞共享平台（CNVD）] 威胁情报...
2023-04-01 16:36:10 [INFO] : 得到 [国家信息安全漏洞共享平台（CNVD）] 最新威胁情报 [0] 条
2023-04-01 16:36:10 [INFO] : --------------------------------------------
2023-04-01 16:36:10 [INFO] : ++++++++++++++++++++++++++++++++++++++++++++
2023-04-01 16:36:10 [INFO] : 正在获取 [国家信息安全漏洞库（CNNVD）] 威胁情报...
2023-04-01 16:36:12 [WARNING] : 获取 [国家信息安全漏洞库（CNNVD）] 威胁情报失败： [HTTP Error 403]
2023-04-01 16:36:12 [INFO] : 得到 [国家信息安全漏洞库（CNNVD）] 最新威胁情报 [0] 条
2023-04-01 16:36:12 [INFO] : --------------------------------------------
2023-04-01 16:36:12 [INFO] : ++++++++++++++++++++++++++++++++++++++++++++
2023-04-01 16:36:12 [INFO] : 正在获取 [360 网络安全响应中心] 威胁情报...
2023-04-01 16:36:13 [INFO] : 得到 [360 网络安全响应中心] 最新威胁情报 [0] 条
2023-04-01 16:36:13 [INFO] : --------------------------------------------
2023-04-01 16:36:13 [INFO] : ++++++++++++++++++++++++++++++++++++++++++++
2023-04-01 16:36:13 [INFO] : 正在获取 [美国国家漏洞数据库（NVD）] 威胁情报...
2023-04-01 16:36:14 [INFO] : 得到 [美国国家漏洞数据库（NVD）] 最新威胁情报 [0] 条
2023-04-01 16:36:14 [INFO] : --------------------------------------------
2023-04-01 16:36:14 [INFO] : ++++++++++++++++++++++++++++++++++++++++++++
2023-04-01 16:36:14 [INFO] : 正在获取 [绿盟] 威胁情报...
2023-04-01 16:36:15 [INFO] : 得到 [绿盟] 最新威胁情报 [0] 条
2023-04-01 16:36:15 [INFO] : --------------------------------------------
2023-04-01 16:36:15 [INFO] : ++++++++++++++++++++++++++++++++++++++++++++
2023-04-01 16:36:15 [INFO] : 正在获取 [奇安信] 威胁情报...
2023-04-01 16:36:16 [INFO] : 得到 [奇安信] 最新威胁情报 [0] 条
2023-04-01 16:36:16 [INFO] : --------------------------------------------
2023-04-01 16:36:16 [INFO] : ++++++++++++++++++++++++++++++++++++++++++++
2023-04-01 16:36:16 [INFO] : 正在获取 [红后] 威胁情报...
2023-04-01 16:36:17 [INFO] : 得到 [红后] 最新威胁情报 [0] 条
2023-04-01 16:36:17 [INFO] : --------------------------------------------
2023-04-01 16:36:17 [INFO] : ++++++++++++++++++++++++++++++++++++++++++++
2023-04-01 16:36:17 [INFO] : 正在获取 [Tenable (Nessus)] 威胁情报...
2023-04-01 16:36:18 [INFO] : 得到 [Tenable (Nessus)] 最新威胁情报 [0] 条
2023-04-01 16:36:18 [INFO] : --------------------------------------------
2023-04-01 17:32:06 [INFO] : ++++++++++++++++++++++++++++++++++++++++++++
2023-04-01 17:32:06 [INFO] : 正在获取 [数字观星POC++] 威胁情报...
2023-04-01 17:32:08 [INFO] : 得到 [数字观星POC++] 最新威胁情报 [0] 条
2023-04-01 17:32:08 [INFO] : --------------------------------------------
2023-04-01 17:32:08 [INFO] : ++++++++++++++++++++++++++++++++++++++++++++
2023-04-01 17:32:08 [INFO] : 正在获取 [阿里云] 威胁情报...
2023-04-01 17:32:09 [INFO] : 得到 [阿里云] 最新威胁情报 [0] 条
2023-04-01 17:32:09 [INFO] : --------------------------------------------
2023-04-01 17:32:09 [INFO] : ++++++++++++++++++++++++++++++++++++++++++++
2023-04-01 17:32:09 [INFO] : 正在获取 [国家信息安全漏洞共享平台（CNVD）] 威胁情报...
2023-04-01 17:32:37 [INFO] : 得到 [国家信息安全漏洞共享平台（CNVD）] 最新威胁情报 [0] 条
2023-04-01 17:32:37 [INFO] : --------------------------------------------
2023-04-01 17:32:37 [INFO] : ++++++++++++++++++++++++++++++++++++++++++++
2023-04-01 17:32:37 [INFO] : 正在获取 [国家信息安全漏洞库（CNNVD）] 威胁情报...
2023-04-01 17:32:39 [WARNING] : 获取 [国家信息安全漏洞库（CNNVD）] 威胁情报失败： [HTTP Error 403]
2023-04-01 17:32:39 [INFO] : 得到 [国家信息安全漏洞库（CNNVD）] 最新威胁情报 [0] 条
2023-04-01 17:32:39 [INFO] : --------------------------------------------
2023-04-01 17:32:39 [INFO] : ++++++++++++++++++++++++++++++++++++++++++++
2023-04-01 17:32:39 [INFO] : 正在获取 [360 网络安全响应中心] 威胁情报...
2023-04-01 17:32:41 [INFO] : 得到 [360 网络安全响应中心] 最新威胁情报 [0] 条
2023-04-01 17:32:41 [INFO] : --------------------------------------------
2023-04-01 17:32:41 [INFO] : ++++++++++++++++++++++++++++++++++++++++++++
2023-04-01 17:32:41 [INFO] : 正在获取 [美国国家漏洞数据库（NVD）] 威胁情报...
2023-04-01 17:32:41 [INFO] : 得到 [美国国家漏洞数据库（NVD）] 最新威胁情报 [0] 条
2023-04-01 17:32:41 [INFO] : --------------------------------------------
2023-04-01 17:32:41 [INFO] : ++++++++++++++++++++++++++++++++++++++++++++
2023-04-01 17:32:41 [INFO] : 正在获取 [绿盟] 威胁情报...
2023-04-01 17:32:42 [INFO] : 得到 [绿盟] 最新威胁情报 [0] 条
2023-04-01 17:32:42 [INFO] : --------------------------------------------
2023-04-01 17:32:42 [INFO] : ++++++++++++++++++++++++++++++++++++++++++++
2023-04-01 17:32:42 [INFO] : 正在获取 [奇安信] 威胁情报...
2023-04-01 17:32:44 [INFO] : 得到 [奇安信] 最新威胁情报 [0] 条
2023-04-01 17:32:44 [INFO] : --------------------------------------------
2023-04-01 17:32:44 [INFO] : ++++++++++++++++++++++++++++++++++++++++++++
2023-04-01 17:32:44 [INFO] : 正在获取 [红后] 威胁情报...
2023-04-01 17:32:45 [INFO] : 得到 [红后] 最新威胁情报 [0] 条
2023-04-01 17:32:45 [INFO] : --------------------------------------------
2023-04-01 17:32:45 [INFO] : ++++++++++++++++++++++++++++++++++++++++++++
2023-04-01 17:32:45 [INFO] : 正在获取 [Tenable (Nessus)] 威胁情报...
2023-04-01 17:32:45 [INFO] : 得到 [Tenable (Nessus)] 最新威胁情报 [0] 条
2023-04-01 17:32:45 [INFO] : --------------------------------------------
2023-04-01 18:32:05 [INFO] : ++++++++++++++++++++++++++++++++++++++++++++
2023-04-01 18:32:05 [INFO] : 正在获取 [数字观星POC++] 威胁情报...
2023-04-01 18:32:07 [INFO] : 得到 [数字观星POC++] 最新威胁情报 [0] 条
2023-04-01 18:32:07 [INFO] : --------------------------------------------
2023-04-01 18:32:07 [INFO] : ++++++++++++++++++++++++++++++++++++++++++++
2023-04-01 18:32:07 [INFO] : 正在获取 [阿里云] 威胁情报...
2023-04-01 18:32:08 [INFO] : 得到 [阿里云] 最新威胁情报 [0] 条
2023-04-01 18:32:08 [INFO] : --------------------------------------------
2023-04-01 18:32:08 [INFO] : ++++++++++++++++++++++++++++++++++++++++++++
2023-04-01 18:32:08 [INFO] : 正在获取 [国家信息安全漏洞共享平台（CNVD）] 威胁情报...
2023-04-01 18:32:35 [INFO] : 得到 [国家信息安全漏洞共享平台（CNVD）] 最新威胁情报 [0] 条
2023-04-01 18:32:35 [INFO] : --------------------------------------------
2023-04-01 18:32:35 [INFO] : ++++++++++++++++++++++++++++++++++++++++++++
2023-04-01 18:32:35 [INFO] : 正在获取 [国家信息安全漏洞库（CNNVD）] 威胁情报...
2023-04-01 18:32:37 [WARNING] : 获取 [国家信息安全漏洞库（CNNVD）] 威胁情报失败： [HTTP Error 403]
2023-04-01 18:32:37 [INFO] : 得到 [国家信息安全漏洞库（CNNVD）] 最新威胁情报 [0] 条
2023-04-01 18:32:37 [INFO] : --------------------------------------------
2023-04-01 18:32:37 [INFO] : ++++++++++++++++++++++++++++++++++++++++++++
2023-04-01 18:32:37 [INFO] : 正在获取 [360 网络安全响应中心] 威胁情报...
2023-04-01 18:32:39 [INFO] : 得到 [360 网络安全响应中心] 最新威胁情报 [0] 条
2023-04-01 18:32:39 [INFO] : --------------------------------------------
2023-04-01 18:32:39 [INFO] : ++++++++++++++++++++++++++++++++++++++++++++
2023-04-01 18:32:39 [INFO] : 正在获取 [美国国家漏洞数据库（NVD）] 威胁情报...
2023-04-01 18:32:39 [INFO] : 得到 [美国国家漏洞数据库（NVD）] 最新威胁情报 [0] 条
2023-04-01 18:32:39 [INFO] : --------------------------------------------
2023-04-01 18:32:39 [INFO] : ++++++++++++++++++++++++++++++++++++++++++++
2023-04-01 18:32:39 [INFO] : 正在获取 [绿盟] 威胁情报...
2023-04-01 18:32:40 [INFO] : 得到 [绿盟] 最新威胁情报 [0] 条
2023-04-01 18:32:40 [INFO] : --------------------------------------------
2023-04-01 18:32:40 [INFO] : ++++++++++++++++++++++++++++++++++++++++++++
2023-04-01 18:32:40 [INFO] : 正在获取 [奇安信] 威胁情报...
2023-04-01 18:32:42 [INFO] : 得到 [奇安信] 最新威胁情报 [0] 条
2023-04-01 18:32:42 [INFO] : --------------------------------------------
2023-04-01 18:32:42 [INFO] : ++++++++++++++++++++++++++++++++++++++++++++
2023-04-01 18:32:42 [INFO] : 正在获取 [红后] 威胁情报...
2023-04-01 18:32:43 [INFO] : 得到 [红后] 最新威胁情报 [0] 条
2023-04-01 18:32:43 [INFO] : --------------------------------------------
2023-04-01 18:32:43 [INFO] : ++++++++++++++++++++++++++++++++++++++++++++
2023-04-01 18:32:43 [INFO] : 正在获取 [Tenable (Nessus)] 威胁情报...
2023-04-01 18:32:44 [INFO] : 得到 [Tenable (Nessus)] 最新威胁情报 [0] 条
2023-04-01 18:32:44 [INFO] : --------------------------------------------
2023-04-01 19:32:13 [INFO] : ++++++++++++++++++++++++++++++++++++++++++++
2023-04-01 19:32:13 [INFO] : 正在获取 [数字观星POC++] 威胁情报...
2023-04-01 19:32:15 [INFO] : 得到 [数字观星POC++] 最新威胁情报 [0] 条
2023-04-01 19:32:15 [INFO] : --------------------------------------------
2023-04-01 19:32:15 [INFO] : ++++++++++++++++++++++++++++++++++++++++++++
2023-04-01 19:32:15 [INFO] : 正在获取 [阿里云] 威胁情报...
2023-04-01 19:32:16 [INFO] : 得到 [阿里云] 最新威胁情报 [0] 条
2023-04-01 19:32:16 [INFO] : --------------------------------------------
2023-04-01 19:32:16 [INFO] : ++++++++++++++++++++++++++++++++++++++++++++
2023-04-01 19:32:16 [INFO] : 正在获取 [国家信息安全漏洞共享平台（CNVD）] 威胁情报...
2023-04-01 19:32:44 [INFO] : 得到 [国家信息安全漏洞共享平台（CNVD）] 最新威胁情报 [0] 条
2023-04-01 19:32:44 [INFO] : --------------------------------------------
2023-04-01 19:32:44 [INFO] : ++++++++++++++++++++++++++++++++++++++++++++
2023-04-01 19:32:44 [INFO] : 正在获取 [国家信息安全漏洞库（CNNVD）] 威胁情报...
2023-04-01 19:32:45 [WARNING] : 获取 [国家信息安全漏洞库（CNNVD）] 威胁情报失败： [HTTP Error 403]
2023-04-01 19:32:45 [INFO] : 得到 [国家信息安全漏洞库（CNNVD）] 最新威胁情报 [0] 条
2023-04-01 19:32:45 [INFO] : --------------------------------------------
2023-04-01 19:32:45 [INFO] : ++++++++++++++++++++++++++++++++++++++++++++
2023-04-01 19:32:45 [INFO] : 正在获取 [360 网络安全响应中心] 威胁情报...
2023-04-01 19:32:56 [INFO] : 得到 [360 网络安全响应中心] 最新威胁情报 [0] 条
2023-04-01 19:32:56 [INFO] : --------------------------------------------
2023-04-01 19:32:56 [INFO] : ++++++++++++++++++++++++++++++++++++++++++++
2023-04-01 19:32:56 [INFO] : 正在获取 [美国国家漏洞数据库（NVD）] 威胁情报...
2023-04-01 19:32:56 [INFO] : 得到 [美国国家漏洞数据库（NVD）] 最新威胁情报 [0] 条
2023-04-01 19:32:56 [INFO] : --------------------------------------------
2023-04-01 19:32:56 [INFO] : ++++++++++++++++++++++++++++++++++++++++++++
2023-04-01 19:32:56 [INFO] : 正在获取 [绿盟] 威胁情报...
2023-04-01 19:32:58 [INFO] : 得到 [绿盟] 最新威胁情报 [0] 条
2023-04-01 19:32:58 [INFO] : --------------------------------------------
2023-04-01 19:32:58 [INFO] : ++++++++++++++++++++++++++++++++++++++++++++
2023-04-01 19:32:58 [INFO] : 正在获取 [奇安信] 威胁情报...
2023-04-01 19:32:59 [INFO] : 得到 [奇安信] 最新威胁情报 [0] 条
2023-04-01 19:32:59 [INFO] : --------------------------------------------
2023-04-01 19:32:59 [INFO] : ++++++++++++++++++++++++++++++++++++++++++++
2023-04-01 19:32:59 [INFO] : 正在获取 [红后] 威胁情报...
2023-04-01 19:33:01 [INFO] : 得到 [红后] 最新威胁情报 [0] 条
2023-04-01 19:33:01 [INFO] : --------------------------------------------
2023-04-01 19:33:01 [INFO] : ++++++++++++++++++++++++++++++++++++++++++++
2023-04-01 19:33:01 [INFO] : 正在获取 [Tenable (Nessus)] 威胁情报...
2023-04-01 19:33:01 [INFO] : 得到 [Tenable (Nessus)] 最新威胁情报 [0] 条
2023-04-01 19:33:01 [INFO] : --------------------------------------------
2023-04-01 20:32:01 [INFO] : ++++++++++++++++++++++++++++++++++++++++++++
2023-04-01 20:32:01 [INFO] : 正在获取 [数字观星POC++] 威胁情报...
2023-04-01 20:32:02 [INFO] : 得到 [数字观星POC++] 最新威胁情报 [0] 条
2023-04-01 20:32:02 [INFO] : --------------------------------------------
2023-04-01 20:32:02 [INFO] : ++++++++++++++++++++++++++++++++++++++++++++
2023-04-01 20:32:02 [INFO] : 正在获取 [阿里云] 威胁情报...
2023-04-01 20:32:04 [INFO] : 得到 [阿里云] 最新威胁情报 [0] 条
2023-04-01 20:32:04 [INFO] : --------------------------------------------
2023-04-01 20:32:04 [INFO] : ++++++++++++++++++++++++++++++++++++++++++++
2023-04-01 20:32:04 [INFO] : 正在获取 [国家信息安全漏洞共享平台（CNVD）] 威胁情报...
2023-04-01 20:32:30 [INFO] : 得到 [国家信息安全漏洞共享平台（CNVD）] 最新威胁情报 [0] 条
2023-04-01 20:32:30 [INFO] : --------------------------------------------
2023-04-01 20:32:30 [INFO] : ++++++++++++++++++++++++++++++++++++++++++++
2023-04-01 20:32:30 [INFO] : 正在获取 [国家信息安全漏洞库（CNNVD）] 威胁情报...
2023-04-01 20:32:32 [WARNING] : 获取 [国家信息安全漏洞库（CNNVD）] 威胁情报失败： [HTTP Error 403]
2023-04-01 20:32:32 [INFO] : 得到 [国家信息安全漏洞库（CNNVD）] 最新威胁情报 [0] 条
2023-04-01 20:32:32 [INFO] : --------------------------------------------
2023-04-01 20:32:32 [INFO] : ++++++++++++++++++++++++++++++++++++++++++++
2023-04-01 20:32:32 [INFO] : 正在获取 [360 网络安全响应中心] 威胁情报...
2023-04-01 20:32:34 [INFO] : 得到 [360 网络安全响应中心] 最新威胁情报 [0] 条
2023-04-01 20:32:34 [INFO] : --------------------------------------------
2023-04-01 20:32:34 [INFO] : ++++++++++++++++++++++++++++++++++++++++++++
2023-04-01 20:32:34 [INFO] : 正在获取 [美国国家漏洞数据库（NVD）] 威胁情报...
2023-04-01 20:32:34 [INFO] : 得到 [美国国家漏洞数据库（NVD）] 最新威胁情报 [0] 条
2023-04-01 20:32:34 [INFO] : --------------------------------------------
2023-04-01 20:32:34 [INFO] : ++++++++++++++++++++++++++++++++++++++++++++
2023-04-01 20:32:34 [INFO] : 正在获取 [绿盟] 威胁情报...
2023-04-01 20:32:35 [INFO] : 得到 [绿盟] 最新威胁情报 [0] 条
2023-04-01 20:32:35 [INFO] : --------------------------------------------
2023-04-01 20:32:35 [INFO] : ++++++++++++++++++++++++++++++++++++++++++++
2023-04-01 20:32:35 [INFO] : 正在获取 [奇安信] 威胁情报...
2023-04-01 20:32:37 [INFO] : 得到 [奇安信] 最新威胁情报 [0] 条
2023-04-01 20:32:37 [INFO] : --------------------------------------------
2023-04-01 20:32:37 [INFO] : ++++++++++++++++++++++++++++++++++++++++++++
2023-04-01 20:32:37 [INFO] : 正在获取 [红后] 威胁情报...
2023-04-01 20:32:38 [INFO] : 得到 [红后] 最新威胁情报 [0] 条
2023-04-01 20:32:38 [INFO] : --------------------------------------------
2023-04-01 20:32:38 [INFO] : ++++++++++++++++++++++++++++++++++++++++++++
2023-04-01 20:32:38 [INFO] : 正在获取 [Tenable (Nessus)] 威胁情报...
2023-04-01 20:32:38 [INFO] : 得到 [Tenable (Nessus)] 最新威胁情报 [0] 条
2023-04-01 20:32:38 [INFO] : --------------------------------------------
2023-04-01 21:32:16 [INFO] : ++++++++++++++++++++++++++++++++++++++++++++
2023-04-01 21:32:16 [INFO] : 正在获取 [数字观星POC++] 威胁情报...
2023-04-01 21:32:17 [INFO] : 得到 [数字观星POC++] 最新威胁情报 [0] 条
2023-04-01 21:32:17 [INFO] : --------------------------------------------
2023-04-01 21:32:17 [INFO] : ++++++++++++++++++++++++++++++++++++++++++++
2023-04-01 21:32:17 [INFO] : 正在获取 [阿里云] 威胁情报...
2023-04-01 21:32:20 [INFO] : 得到 [阿里云] 最新威胁情报 [0] 条
2023-04-01 21:32:20 [INFO] : --------------------------------------------
2023-04-01 21:32:20 [INFO] : ++++++++++++++++++++++++++++++++++++++++++++
2023-04-01 21:32:20 [INFO] : 正在获取 [国家信息安全漏洞共享平台（CNVD）] 威胁情报...
2023-04-01 21:32:47 [INFO] : 得到 [国家信息安全漏洞共享平台（CNVD）] 最新威胁情报 [0] 条
2023-04-01 21:32:47 [INFO] : --------------------------------------------
2023-04-01 21:32:47 [INFO] : ++++++++++++++++++++++++++++++++++++++++++++
2023-04-01 21:32:47 [INFO] : 正在获取 [国家信息安全漏洞库（CNNVD）] 威胁情报...
2023-04-01 21:32:49 [WARNING] : 获取 [国家信息安全漏洞库（CNNVD）] 威胁情报失败： [HTTP Error 403]
2023-04-01 21:32:49 [INFO] : 得到 [国家信息安全漏洞库（CNNVD）] 最新威胁情报 [0] 条
2023-04-01 21:32:49 [INFO] : --------------------------------------------
2023-04-01 21:32:49 [INFO] : ++++++++++++++++++++++++++++++++++++++++++++
2023-04-01 21:32:49 [INFO] : 正在获取 [360 网络安全响应中心] 威胁情报...
2023-04-01 21:32:51 [INFO] : 得到 [360 网络安全响应中心] 最新威胁情报 [0] 条
2023-04-01 21:32:51 [INFO] : --------------------------------------------
2023-04-01 21:32:51 [INFO] : ++++++++++++++++++++++++++++++++++++++++++++
2023-04-01 21:32:51 [INFO] : 正在获取 [美国国家漏洞数据库（NVD）] 威胁情报...
2023-04-01 21:32:51 [INFO] : 得到 [美国国家漏洞数据库（NVD）] 最新威胁情报 [0] 条
2023-04-01 21:32:51 [INFO] : --------------------------------------------
2023-04-01 21:32:51 [INFO] : ++++++++++++++++++++++++++++++++++++++++++++
2023-04-01 21:32:51 [INFO] : 正在获取 [绿盟] 威胁情报...
2023-04-01 21:32:52 [INFO] : 得到 [绿盟] 最新威胁情报 [0] 条
2023-04-01 21:32:52 [INFO] : --------------------------------------------
2023-04-01 21:32:52 [INFO] : ++++++++++++++++++++++++++++++++++++++++++++
2023-04-01 21:32:52 [INFO] : 正在获取 [奇安信] 威胁情报...
2023-04-01 21:32:57 [INFO] : 得到 [奇安信] 最新威胁情报 [0] 条
2023-04-01 21:32:57 [INFO] : --------------------------------------------
2023-04-01 21:32:57 [INFO] : ++++++++++++++++++++++++++++++++++++++++++++
2023-04-01 21:32:57 [INFO] : 正在获取 [红后] 威胁情报...
2023-04-01 21:32:58 [INFO] : 得到 [红后] 最新威胁情报 [0] 条
2023-04-01 21:32:58 [INFO] : --------------------------------------------
2023-04-01 21:32:58 [INFO] : ++++++++++++++++++++++++++++++++++++++++++++
2023-04-01 21:32:58 [INFO] : 正在获取 [Tenable (Nessus)] 威胁情报...
2023-04-01 21:32:59 [INFO] : 得到 [Tenable (Nessus)] 最新威胁情报 [0] 条
2023-04-01 21:32:59 [INFO] : --------------------------------------------
2023-04-01 22:32:02 [INFO] : ++++++++++++++++++++++++++++++++++++++++++++
2023-04-01 22:32:02 [INFO] : 正在获取 [数字观星POC++] 威胁情报...
2023-04-01 22:32:03 [INFO] : 得到 [数字观星POC++] 最新威胁情报 [0] 条
2023-04-01 22:32:03 [INFO] : --------------------------------------------
2023-04-01 22:32:03 [INFO] : ++++++++++++++++++++++++++++++++++++++++++++
2023-04-01 22:32:03 [INFO] : 正在获取 [阿里云] 威胁情报...
2023-04-01 22:32:06 [INFO] : 得到 [阿里云] 最新威胁情报 [0] 条
2023-04-01 22:32:06 [INFO] : --------------------------------------------
2023-04-01 22:32:06 [INFO] : ++++++++++++++++++++++++++++++++++++++++++++
2023-04-01 22:32:06 [INFO] : 正在获取 [国家信息安全漏洞共享平台（CNVD）] 威胁情报...
2023-04-01 22:32:32 [INFO] : 得到 [国家信息安全漏洞共享平台（CNVD）] 最新威胁情报 [0] 条
2023-04-01 22:32:32 [INFO] : --------------------------------------------
2023-04-01 22:32:32 [INFO] : ++++++++++++++++++++++++++++++++++++++++++++
2023-04-01 22:32:32 [INFO] : 正在获取 [国家信息安全漏洞库（CNNVD）] 威胁情报...
2023-04-01 22:32:35 [WARNING] : 获取 [国家信息安全漏洞库（CNNVD）] 威胁情报失败： [HTTP Error 403]
2023-04-01 22:32:35 [INFO] : 得到 [国家信息安全漏洞库（CNNVD）] 最新威胁情报 [0] 条
2023-04-01 22:32:35 [INFO] : --------------------------------------------
2023-04-01 22:32:35 [INFO] : ++++++++++++++++++++++++++++++++++++++++++++
2023-04-01 22:32:35 [INFO] : 正在获取 [360 网络安全响应中心] 威胁情报...
2023-04-01 22:32:41 [INFO] : 得到 [360 网络安全响应中心] 最新威胁情报 [0] 条
2023-04-01 22:32:41 [INFO] : --------------------------------------------
2023-04-01 22:32:41 [INFO] : ++++++++++++++++++++++++++++++++++++++++++++
2023-04-01 22:32:41 [INFO] : 正在获取 [美国国家漏洞数据库（NVD）] 威胁情报...
2023-04-01 22:32:41 [INFO] : 得到 [美国国家漏洞数据库（NVD）] 最新威胁情报 [0] 条
2023-04-01 22:32:41 [INFO] : --------------------------------------------
2023-04-01 22:32:41 [INFO] : ++++++++++++++++++++++++++++++++++++++++++++
2023-04-01 22:32:41 [INFO] : 正在获取 [绿盟] 威胁情报...
2023-04-01 22:32:43 [INFO] : 得到 [绿盟] 最新威胁情报 [0] 条
2023-04-01 22:32:43 [INFO] : --------------------------------------------
2023-04-01 22:32:43 [INFO] : ++++++++++++++++++++++++++++++++++++++++++++
2023-04-01 22:32:43 [INFO] : 正在获取 [奇安信] 威胁情报...
2023-04-01 22:32:45 [INFO] : 得到 [奇安信] 最新威胁情报 [0] 条
2023-04-01 22:32:45 [INFO] : --------------------------------------------
2023-04-01 22:32:45 [INFO] : ++++++++++++++++++++++++++++++++++++++++++++
2023-04-01 22:32:45 [INFO] : 正在获取 [红后] 威胁情报...
2023-04-01 22:32:46 [INFO] : 得到 [红后] 最新威胁情报 [0] 条
2023-04-01 22:32:46 [INFO] : --------------------------------------------
2023-04-01 22:32:46 [INFO] : ++++++++++++++++++++++++++++++++++++++++++++
2023-04-01 22:32:46 [INFO] : 正在获取 [Tenable (Nessus)] 威胁情报...
2023-04-01 22:32:47 [INFO] : 得到 [Tenable (Nessus)] 最新威胁情报 [0] 条
2023-04-01 22:32:47 [INFO] : --------------------------------------------
2023-04-01 23:31:56 [INFO] : ++++++++++++++++++++++++++++++++++++++++++++
2023-04-01 23:31:56 [INFO] : 正在获取 [数字观星POC++] 威胁情报...
2023-04-01 23:31:58 [INFO] : 得到 [数字观星POC++] 最新威胁情报 [0] 条
2023-04-01 23:31:58 [INFO] : --------------------------------------------
2023-04-01 23:31:58 [INFO] : ++++++++++++++++++++++++++++++++++++++++++++
2023-04-01 23:31:58 [INFO] : 正在获取 [阿里云] 威胁情报...
2023-04-01 23:31:59 [INFO] : 得到 [阿里云] 最新威胁情报 [0] 条
2023-04-01 23:31:59 [INFO] : --------------------------------------------
2023-04-01 23:31:59 [INFO] : ++++++++++++++++++++++++++++++++++++++++++++
2023-04-01 23:31:59 [INFO] : 正在获取 [国家信息安全漏洞共享平台（CNVD）] 威胁情报...
2023-04-01 23:32:26 [INFO] : 得到 [国家信息安全漏洞共享平台（CNVD）] 最新威胁情报 [0] 条
2023-04-01 23:32:26 [INFO] : --------------------------------------------
2023-04-01 23:32:26 [INFO] : ++++++++++++++++++++++++++++++++++++++++++++
2023-04-01 23:32:26 [INFO] : 正在获取 [国家信息安全漏洞库（CNNVD）] 威胁情报...
2023-04-01 23:32:28 [WARNING] : 获取 [国家信息安全漏洞库（CNNVD）] 威胁情报失败： [HTTP Error 403]
2023-04-01 23:32:28 [INFO] : 得到 [国家信息安全漏洞库（CNNVD）] 最新威胁情报 [0] 条
2023-04-01 23:32:28 [INFO] : --------------------------------------------
2023-04-01 23:32:28 [INFO] : ++++++++++++++++++++++++++++++++++++++++++++
2023-04-01 23:32:28 [INFO] : 正在获取 [360 网络安全响应中心] 威胁情报...
2023-04-01 23:32:34 [INFO] : 得到 [360 网络安全响应中心] 最新威胁情报 [0] 条
2023-04-01 23:32:34 [INFO] : --------------------------------------------
2023-04-01 23:32:34 [INFO] : ++++++++++++++++++++++++++++++++++++++++++++
2023-04-01 23:32:34 [INFO] : 正在获取 [美国国家漏洞数据库（NVD）] 威胁情报...
2023-04-01 23:32:35 [INFO] : 得到 [美国国家漏洞数据库（NVD）] 最新威胁情报 [0] 条
2023-04-01 23:32:35 [INFO] : --------------------------------------------
2023-04-01 23:32:35 [INFO] : ++++++++++++++++++++++++++++++++++++++++++++
2023-04-01 23:32:35 [INFO] : 正在获取 [绿盟] 威胁情报...
2023-04-01 23:32:38 [INFO] : 得到 [绿盟] 最新威胁情报 [0] 条
2023-04-01 23:32:38 [INFO] : --------------------------------------------
2023-04-01 23:32:38 [INFO] : ++++++++++++++++++++++++++++++++++++++++++++
2023-04-01 23:32:38 [INFO] : 正在获取 [奇安信] 威胁情报...
2023-04-01 23:32:39 [INFO] : 得到 [奇安信] 最新威胁情报 [0] 条
2023-04-01 23:32:39 [INFO] : --------------------------------------------
2023-04-01 23:32:39 [INFO] : ++++++++++++++++++++++++++++++++++++++++++++
2023-04-01 23:32:39 [INFO] : 正在获取 [红后] 威胁情报...
2023-04-01 23:32:41 [INFO] : 得到 [红后] 最新威胁情报 [0] 条
2023-04-01 23:32:41 [INFO] : --------------------------------------------
2023-04-01 23:32:41 [INFO] : ++++++++++++++++++++++++++++++++++++++++++++
2023-04-01 23:32:41 [INFO] : 正在获取 [Tenable (Nessus)] 威胁情报...
2023-04-01 23:32:41 [INFO] : 得到 [Tenable (Nessus)] 最新威胁情报 [0] 条
2023-04-01 23:32:41 [INFO] : --------------------------------------------
2023-04-02 01:47:12 [INFO] : ++++++++++++++++++++++++++++++++++++++++++++
2023-04-02 01:47:12 [INFO] : 正在获取 [数字观星POC++] 威胁情报...
2023-04-02 01:47:13 [INFO] : 得到 [数字观星POC++] 最新威胁情报 [0] 条
2023-04-02 01:47:13 [INFO] : --------------------------------------------
2023-04-02 01:47:13 [INFO] : ++++++++++++++++++++++++++++++++++++++++++++
2023-04-02 01:47:13 [INFO] : 正在获取 [阿里云] 威胁情报...
2023-04-02 01:47:14 [INFO] : 得到 [阿里云] 最新威胁情报 [0] 条
2023-04-02 01:47:14 [INFO] : --------------------------------------------
2023-04-02 01:47:14 [INFO] : ++++++++++++++++++++++++++++++++++++++++++++
2023-04-02 01:47:14 [INFO] : 正在获取 [国家信息安全漏洞共享平台（CNVD）] 威胁情报...
2023-04-02 01:47:41 [INFO] : 得到 [国家信息安全漏洞共享平台（CNVD）] 最新威胁情报 [0] 条
2023-04-02 01:47:41 [INFO] : --------------------------------------------
2023-04-02 01:47:41 [INFO] : ++++++++++++++++++++++++++++++++++++++++++++
2023-04-02 01:47:41 [INFO] : 正在获取 [国家信息安全漏洞库（CNNVD）] 威胁情报...
2023-04-02 01:47:42 [WARNING] : 获取 [国家信息安全漏洞库（CNNVD）] 威胁情报失败： [HTTP Error 403]
2023-04-02 01:47:42 [INFO] : 得到 [国家信息安全漏洞库（CNNVD）] 最新威胁情报 [0] 条
2023-04-02 01:47:42 [INFO] : --------------------------------------------
2023-04-02 01:47:42 [INFO] : ++++++++++++++++++++++++++++++++++++++++++++
2023-04-02 01:47:42 [INFO] : 正在获取 [360 网络安全响应中心] 威胁情报...
2023-04-02 01:47:48 [INFO] : 得到 [360 网络安全响应中心] 最新威胁情报 [0] 条
2023-04-02 01:47:48 [INFO] : --------------------------------------------
2023-04-02 01:47:48 [INFO] : ++++++++++++++++++++++++++++++++++++++++++++
2023-04-02 01:47:48 [INFO] : 正在获取 [美国国家漏洞数据库（NVD）] 威胁情报...
2023-04-02 01:47:48 [INFO] : 得到 [美国国家漏洞数据库（NVD）] 最新威胁情报 [1] 条
2023-04-02 01:47:48 [INFO] : --------------------------------------------
2023-04-02 01:47:48 [INFO] : 
==============================================
[ TITLE ] A vulnerability was discovered in ImageMagick where a specially created SVG file loads itself and causes a segmentation fault. This flaw allows a remote attacker to pass a specially crafted SVG file that leads to a segmentation fault, generating many trash files in &quot;/tmp,&quot; resulting in a denial of service. When ImageMagick crashes, it generates a lot of trash files. These trash files can be large if the SVG file contains many render actions. In a denial of service attack, if a remote attacker uploads an SVG file of size t, ImageMagick generates files of size 103*t. If an attacker uploads a 100M SVG, the server will generate about 10G.
[ TIME  ] 2023-03-23 20:15:14 
[ CVE   ] CVE-2023-1289
[ SRC   ] 美国国家漏洞数据库（NVD）
[ URL   ] https://web.nvd.nist.gov/view/vuln/detail?vulnId=CVE-2023-1289
2023-04-02 01:47:48 [INFO] : ++++++++++++++++++++++++++++++++++++++++++++
2023-04-02 01:47:48 [INFO] : 正在获取 [绿盟] 威胁情报...
2023-04-02 01:47:49 [INFO] : 得到 [绿盟] 最新威胁情报 [0] 条
2023-04-02 01:47:49 [INFO] : --------------------------------------------
2023-04-02 01:47:49 [INFO] : ++++++++++++++++++++++++++++++++++++++++++++
2023-04-02 01:47:49 [INFO] : 正在获取 [奇安信] 威胁情报...
2023-04-02 01:47:51 [INFO] : 得到 [奇安信] 最新威胁情报 [0] 条
2023-04-02 01:47:51 [INFO] : --------------------------------------------
2023-04-02 01:47:51 [INFO] : ++++++++++++++++++++++++++++++++++++++++++++
2023-04-02 01:47:51 [INFO] : 正在获取 [红后] 威胁情报...
2023-04-02 01:47:52 [INFO] : 得到 [红后] 最新威胁情报 [0] 条
2023-04-02 01:47:52 [INFO] : --------------------------------------------
2023-04-02 01:47:52 [INFO] : ++++++++++++++++++++++++++++++++++++++++++++
2023-04-02 01:47:52 [INFO] : 正在获取 [Tenable (Nessus)] 威胁情报...
2023-04-02 01:47:52 [INFO] : 得到 [Tenable (Nessus)] 最新威胁情报 [1] 条
2023-04-02 01:47:52 [INFO] : --------------------------------------------
2023-04-02 01:47:52 [INFO] : 
==============================================
[ TITLE ] D-Link Go-RT-AC750 revA_v101b03 was discovered to contain a command injection vulnerability via the service parameter at soapcgi.main.
[ TIME  ] 2023-04-01 23:15:00
[ CVE   ] CVE-2023-26822
[ SRC   ] Tenable (Nessus)
[ URL   ] https://www.tenable.com/cve/CVE-2023-26822
2023-04-02 01:47:52 [INFO] : [邮件] 正在通过 Github Actions 推送威胁情报...
2023-04-02 02:41:10 [INFO] : ++++++++++++++++++++++++++++++++++++++++++++
2023-04-02 02:41:10 [INFO] : 正在获取 [数字观星POC++] 威胁情报...
2023-04-02 02:41:12 [INFO] : 得到 [数字观星POC++] 最新威胁情报 [0] 条
2023-04-02 02:41:12 [INFO] : --------------------------------------------
2023-04-02 02:41:12 [INFO] : ++++++++++++++++++++++++++++++++++++++++++++
2023-04-02 02:41:12 [INFO] : 正在获取 [阿里云] 威胁情报...
2023-04-02 02:41:13 [INFO] : 得到 [阿里云] 最新威胁情报 [0] 条
2023-04-02 02:41:13 [INFO] : --------------------------------------------
2023-04-02 02:41:13 [INFO] : ++++++++++++++++++++++++++++++++++++++++++++
2023-04-02 02:41:13 [INFO] : 正在获取 [国家信息安全漏洞共享平台（CNVD）] 威胁情报...
2023-04-02 02:41:38 [INFO] : 得到 [国家信息安全漏洞共享平台（CNVD）] 最新威胁情报 [0] 条
2023-04-02 02:41:38 [INFO] : --------------------------------------------
2023-04-02 02:41:38 [INFO] : ++++++++++++++++++++++++++++++++++++++++++++
2023-04-02 02:41:38 [INFO] : 正在获取 [国家信息安全漏洞库（CNNVD）] 威胁情报...
2023-04-02 02:41:40 [WARNING] : 获取 [国家信息安全漏洞库（CNNVD）] 威胁情报失败： [HTTP Error 403]
2023-04-02 02:41:40 [INFO] : 得到 [国家信息安全漏洞库（CNNVD）] 最新威胁情报 [0] 条
2023-04-02 02:41:40 [INFO] : --------------------------------------------
2023-04-02 02:41:40 [INFO] : ++++++++++++++++++++++++++++++++++++++++++++
2023-04-02 02:41:40 [INFO] : 正在获取 [360 网络安全响应中心] 威胁情报...
2023-04-02 02:41:45 [INFO] : 得到 [360 网络安全响应中心] 最新威胁情报 [0] 条
2023-04-02 02:41:45 [INFO] : --------------------------------------------
2023-04-02 02:41:45 [INFO] : ++++++++++++++++++++++++++++++++++++++++++++
2023-04-02 02:41:45 [INFO] : 正在获取 [美国国家漏洞数据库（NVD）] 威胁情报...
2023-04-02 02:41:46 [INFO] : 得到 [美国国家漏洞数据库（NVD）] 最新威胁情报 [0] 条
2023-04-02 02:41:46 [INFO] : --------------------------------------------
2023-04-02 02:41:46 [INFO] : ++++++++++++++++++++++++++++++++++++++++++++
2023-04-02 02:41:46 [INFO] : 正在获取 [绿盟] 威胁情报...
2023-04-02 02:41:47 [INFO] : 得到 [绿盟] 最新威胁情报 [0] 条
2023-04-02 02:41:47 [INFO] : --------------------------------------------
2023-04-02 02:41:47 [INFO] : ++++++++++++++++++++++++++++++++++++++++++++
2023-04-02 02:41:47 [INFO] : 正在获取 [奇安信] 威胁情报...
2023-04-02 02:41:48 [INFO] : 得到 [奇安信] 最新威胁情报 [0] 条
2023-04-02 02:41:48 [INFO] : --------------------------------------------
2023-04-02 02:41:48 [INFO] : ++++++++++++++++++++++++++++++++++++++++++++
2023-04-02 02:41:48 [INFO] : 正在获取 [红后] 威胁情报...
2023-04-02 02:41:49 [INFO] : 得到 [红后] 最新威胁情报 [0] 条
2023-04-02 02:41:49 [INFO] : --------------------------------------------
2023-04-02 02:41:49 [INFO] : ++++++++++++++++++++++++++++++++++++++++++++
2023-04-02 02:41:49 [INFO] : 正在获取 [Tenable (Nessus)] 威胁情报...
2023-04-02 02:41:49 [INFO] : 得到 [Tenable (Nessus)] 最新威胁情报 [0] 条
2023-04-02 02:41:49 [INFO] : --------------------------------------------
2023-04-02 03:32:03 [INFO] : ++++++++++++++++++++++++++++++++++++++++++++
2023-04-02 03:32:03 [INFO] : 正在获取 [数字观星POC++] 威胁情报...
2023-04-02 03:32:05 [INFO] : 得到 [数字观星POC++] 最新威胁情报 [0] 条
2023-04-02 03:32:05 [INFO] : --------------------------------------------
2023-04-02 03:32:05 [INFO] : ++++++++++++++++++++++++++++++++++++++++++++
2023-04-02 03:32:05 [INFO] : 正在获取 [阿里云] 威胁情报...
2023-04-02 03:32:06 [INFO] : 得到 [阿里云] 最新威胁情报 [0] 条
2023-04-02 03:32:06 [INFO] : --------------------------------------------
2023-04-02 03:32:06 [INFO] : ++++++++++++++++++++++++++++++++++++++++++++
2023-04-02 03:32:06 [INFO] : 正在获取 [国家信息安全漏洞共享平台（CNVD）] 威胁情报...
2023-04-02 03:32:35 [INFO] : 得到 [国家信息安全漏洞共享平台（CNVD）] 最新威胁情报 [0] 条
2023-04-02 03:32:35 [INFO] : --------------------------------------------
2023-04-02 03:32:35 [INFO] : ++++++++++++++++++++++++++++++++++++++++++++
2023-04-02 03:32:35 [INFO] : 正在获取 [国家信息安全漏洞库（CNNVD）] 威胁情报...
2023-04-02 03:32:37 [WARNING] : 获取 [国家信息安全漏洞库（CNNVD）] 威胁情报失败： [HTTP Error 403]
2023-04-02 03:32:37 [INFO] : 得到 [国家信息安全漏洞库（CNNVD）] 最新威胁情报 [0] 条
2023-04-02 03:32:37 [INFO] : --------------------------------------------
2023-04-02 03:32:37 [INFO] : ++++++++++++++++++++++++++++++++++++++++++++
2023-04-02 03:32:37 [INFO] : 正在获取 [360 网络安全响应中心] 威胁情报...
2023-04-02 03:32:39 [INFO] : 得到 [360 网络安全响应中心] 最新威胁情报 [0] 条
2023-04-02 03:32:39 [INFO] : --------------------------------------------
2023-04-02 03:32:39 [INFO] : ++++++++++++++++++++++++++++++++++++++++++++
2023-04-02 03:32:39 [INFO] : 正在获取 [美国国家漏洞数据库（NVD）] 威胁情报...
2023-04-02 03:32:39 [INFO] : 得到 [美国国家漏洞数据库（NVD）] 最新威胁情报 [0] 条
2023-04-02 03:32:39 [INFO] : --------------------------------------------
2023-04-02 03:32:39 [INFO] : ++++++++++++++++++++++++++++++++++++++++++++
2023-04-02 03:32:39 [INFO] : 正在获取 [绿盟] 威胁情报...
2023-04-02 03:32:40 [INFO] : 得到 [绿盟] 最新威胁情报 [0] 条
2023-04-02 03:32:40 [INFO] : --------------------------------------------
2023-04-02 03:32:40 [INFO] : ++++++++++++++++++++++++++++++++++++++++++++
2023-04-02 03:32:40 [INFO] : 正在获取 [奇安信] 威胁情报...
2023-04-02 03:32:42 [INFO] : 得到 [奇安信] 最新威胁情报 [0] 条
2023-04-02 03:32:42 [INFO] : --------------------------------------------
2023-04-02 03:32:42 [INFO] : ++++++++++++++++++++++++++++++++++++++++++++
2023-04-02 03:32:42 [INFO] : 正在获取 [红后] 威胁情报...
2023-04-02 03:32:43 [INFO] : 得到 [红后] 最新威胁情报 [0] 条
2023-04-02 03:32:43 [INFO] : --------------------------------------------
2023-04-02 03:32:43 [INFO] : ++++++++++++++++++++++++++++++++++++++++++++
2023-04-02 03:32:43 [INFO] : 正在获取 [Tenable (Nessus)] 威胁情报...
2023-04-02 03:32:43 [INFO] : 得到 [Tenable (Nessus)] 最新威胁情报 [0] 条
2023-04-02 03:32:43 [INFO] : --------------------------------------------
2023-04-02 05:31:59 [INFO] : ++++++++++++++++++++++++++++++++++++++++++++
2023-04-02 05:31:59 [INFO] : 正在获取 [数字观星POC++] 威胁情报...
2023-04-02 05:32:00 [INFO] : 得到 [数字观星POC++] 最新威胁情报 [0] 条
2023-04-02 05:32:00 [INFO] : --------------------------------------------
2023-04-02 05:32:00 [INFO] : ++++++++++++++++++++++++++++++++++++++++++++
2023-04-02 05:32:00 [INFO] : 正在获取 [阿里云] 威胁情报...
2023-04-02 05:32:02 [INFO] : 得到 [阿里云] 最新威胁情报 [0] 条
2023-04-02 05:32:02 [INFO] : --------------------------------------------
2023-04-02 05:32:02 [INFO] : ++++++++++++++++++++++++++++++++++++++++++++
2023-04-02 05:32:02 [INFO] : 正在获取 [国家信息安全漏洞共享平台（CNVD）] 威胁情报...
2023-04-02 05:32:29 [INFO] : 得到 [国家信息安全漏洞共享平台（CNVD）] 最新威胁情报 [0] 条
2023-04-02 05:32:29 [INFO] : --------------------------------------------
2023-04-02 05:32:29 [INFO] : ++++++++++++++++++++++++++++++++++++++++++++
2023-04-02 05:32:29 [INFO] : 正在获取 [国家信息安全漏洞库（CNNVD）] 威胁情报...
2023-04-02 05:32:31 [WARNING] : 获取 [国家信息安全漏洞库（CNNVD）] 威胁情报失败： [HTTP Error 403]
2023-04-02 05:32:31 [INFO] : 得到 [国家信息安全漏洞库（CNNVD）] 最新威胁情报 [0] 条
2023-04-02 05:32:31 [INFO] : --------------------------------------------
2023-04-02 05:32:31 [INFO] : ++++++++++++++++++++++++++++++++++++++++++++
2023-04-02 05:32:31 [INFO] : 正在获取 [360 网络安全响应中心] 威胁情报...
2023-04-02 05:32:36 [INFO] : 得到 [360 网络安全响应中心] 最新威胁情报 [0] 条
2023-04-02 05:32:36 [INFO] : --------------------------------------------
2023-04-02 05:32:36 [INFO] : ++++++++++++++++++++++++++++++++++++++++++++
2023-04-02 05:32:36 [INFO] : 正在获取 [美国国家漏洞数据库（NVD）] 威胁情报...
2023-04-02 05:32:37 [INFO] : 得到 [美国国家漏洞数据库（NVD）] 最新威胁情报 [10] 条
2023-04-02 05:32:37 [INFO] : --------------------------------------------
2023-04-02 05:32:37 [INFO] : 
==============================================
[ TITLE ] Aver Information Inc PTZApp2 v20.01044.48 allows attackers to access sensitive files via a crafted GET request.
[ TIME  ] 2023-03-24 22:15:07 
[ CVE   ] CVE-2023-27055
[ SRC   ] 美国国家漏洞数据库（NVD）
[ URL   ] https://web.nvd.nist.gov/view/vuln/detail?vulnId=CVE-2023-27055
2023-04-02 05:32:37 [INFO] : 
==============================================
[ TITLE ] A cross-site scripting (XSS) vulnerability in MiroTalk P2P before commit f535b35 allows attackers to execute arbitrary web scripts or HTML via a crafted payload injected into the Name parameter under the settings module.
[ TIME  ] 2023-03-22 22:15:12 
[ CVE   ] CVE-2023-27054
[ SRC   ] 美国国家漏洞数据库（NVD）
[ URL   ] https://web.nvd.nist.gov/view/vuln/detail?vulnId=CVE-2023-27054
2023-04-02 05:32:37 [INFO] : 
==============================================
[ TITLE ] Tenda AX3 V16.03.12.11 is vulnerable to Buffer Overflow via /goform/SetFirewallCfg.
[ TIME  ] 2023-03-24 23:15:06 
[ CVE   ] CVE-2023-27042
[ SRC   ] 美国国家漏洞数据库（NVD）
[ URL   ] https://web.nvd.nist.gov/view/vuln/detail?vulnId=CVE-2023-27042
2023-04-02 05:32:37 [INFO] : 
==============================================
[ TITLE ] PrestaShop jmsblog 2.5.5 was discovered to contain a SQL injection vulnerability.
[ TIME  ] 2023-03-23 22:15:13 
[ CVE   ] CVE-2023-27034
[ SRC   ] 美国国家漏洞数据库（NVD）
[ URL   ] https://web.nvd.nist.gov/view/vuln/detail?vulnId=CVE-2023-27034
2023-04-02 05:32:37 [INFO] : 
==============================================
[ TITLE ] Trudesk v1.2.6 was discovered to contain a stored cross-site scripting (XSS) vulnerability via the Add Tags parameter under the Create Ticket function.
[ TIME  ] 2023-03-29 15:15:07 
[ CVE   ] CVE-2023-26982
[ SRC   ] 美国国家漏洞数据库（NVD）
[ URL   ] https://web.nvd.nist.gov/view/vuln/detail?vulnId=CVE-2023-26982
2023-04-02 05:32:37 [INFO] : 
==============================================
[ TITLE ] Phpgurukul Park Ticketing Management System 1.0 is vulnerable to SQL Injection via the User Name parameter.
[ TIME  ] 2023-03-27 14:15:07 
[ CVE   ] CVE-2023-26959
[ SRC   ] 美国国家漏洞数据库（NVD）
[ URL   ] https://web.nvd.nist.gov/view/vuln/detail?vulnId=CVE-2023-26959
2023-04-02 05:32:37 [INFO] : 
==============================================
[ TITLE ] Phpgurukul Park Ticketing Management System 1.0 is vulnerable to Cross Site Scripting (XSS) via the Admin Name parameter.
[ TIME  ] 2023-03-27 14:15:07 
[ CVE   ] CVE-2023-26958
[ SRC   ] 美国国家漏洞数据库（NVD）
[ URL   ] https://web.nvd.nist.gov/view/vuln/detail?vulnId=CVE-2023-26958
2023-04-02 05:32:37 [INFO] : 
==============================================
[ TITLE ] SQL injection vulnerability found in PrestaShop smplredirectionsmanager v.1.1.19 and before allow a remote attacker to gain privileges via the SmplTools::getMatchingRedirectionsFromPartscomponent.
[ TIME  ] 2023-03-24 22:15:07 
[ CVE   ] CVE-2023-26864
[ SRC   ] 美国国家漏洞数据库（NVD）
[ URL   ] https://web.nvd.nist.gov/view/vuln/detail?vulnId=CVE-2023-26864
2023-04-02 05:32:37 [INFO] : 
==============================================
[ TITLE ] Excessive Iteration vulnerability in Apache Software Foundation Apache Sling Resource Merger.This issue affects Apache Sling Resource Merger: from 1.2.0 before 1.4.2.
[ TIME  ] 2023-03-20 13:15:11 
[ CVE   ] CVE-2023-26513
[ SRC   ] 美国国家漏洞数据库（NVD）
[ URL   ] https://web.nvd.nist.gov/view/vuln/detail?vulnId=CVE-2023-26513
2023-04-02 05:32:37 [INFO] : 
==============================================
[ TITLE ] Adobe ColdFusion versions 2018 Update 15 (and earlier) and 2021 Update 5 (and earlier) are affected by an Improper Limitation of a Pathname to a Restricted Directory ('Path Traversal') vulnerability that could result in Arbitrary file system read. Exploitation of this issue does not require user interaction, but does require administrator privileges.
[ TIME  ] 2023-03-23 20:15:15 
[ CVE   ] CVE-2023-26361
[ SRC   ] 美国国家漏洞数据库（NVD）
[ URL   ] https://web.nvd.nist.gov/view/vuln/detail?vulnId=CVE-2023-26361
2023-04-02 05:32:37 [INFO] : ++++++++++++++++++++++++++++++++++++++++++++
2023-04-02 05:32:37 [INFO] : 正在获取 [绿盟] 威胁情报...
2023-04-02 05:32:38 [INFO] : 得到 [绿盟] 最新威胁情报 [0] 条
2023-04-02 05:32:38 [INFO] : --------------------------------------------
2023-04-02 05:32:38 [INFO] : ++++++++++++++++++++++++++++++++++++++++++++
2023-04-02 05:32:38 [INFO] : 正在获取 [奇安信] 威胁情报...
2023-04-02 05:32:40 [INFO] : 得到 [奇安信] 最新威胁情报 [0] 条
2023-04-02 05:32:40 [INFO] : --------------------------------------------
2023-04-02 05:32:40 [INFO] : ++++++++++++++++++++++++++++++++++++++++++++
2023-04-02 05:32:40 [INFO] : 正在获取 [红后] 威胁情报...
2023-04-02 05:32:41 [INFO] : 得到 [红后] 最新威胁情报 [0] 条
2023-04-02 05:32:41 [INFO] : --------------------------------------------
2023-04-02 05:32:41 [INFO] : ++++++++++++++++++++++++++++++++++++++++++++
2023-04-02 05:32:41 [INFO] : 正在获取 [Tenable (Nessus)] 威胁情报...
2023-04-02 05:32:41 [INFO] : 得到 [Tenable (Nessus)] 最新威胁情报 [0] 条
2023-04-02 05:32:41 [INFO] : --------------------------------------------
2023-04-02 05:32:41 [INFO] : [邮件] 正在通过 Github Actions 推送威胁情报...
2023-04-02 06:32:03 [INFO] : ++++++++++++++++++++++++++++++++++++++++++++
2023-04-02 06:32:03 [INFO] : 正在获取 [数字观星POC++] 威胁情报...
2023-04-02 06:32:04 [INFO] : 得到 [数字观星POC++] 最新威胁情报 [0] 条
2023-04-02 06:32:04 [INFO] : --------------------------------------------
2023-04-02 06:32:04 [INFO] : ++++++++++++++++++++++++++++++++++++++++++++
2023-04-02 06:32:04 [INFO] : 正在获取 [阿里云] 威胁情报...
2023-04-02 06:32:06 [INFO] : 得到 [阿里云] 最新威胁情报 [0] 条
2023-04-02 06:32:06 [INFO] : --------------------------------------------
2023-04-02 06:32:06 [INFO] : ++++++++++++++++++++++++++++++++++++++++++++
2023-04-02 06:32:06 [INFO] : 正在获取 [国家信息安全漏洞共享平台（CNVD）] 威胁情报...
2023-04-02 06:32:33 [INFO] : 得到 [国家信息安全漏洞共享平台（CNVD）] 最新威胁情报 [0] 条
2023-04-02 06:32:33 [INFO] : --------------------------------------------
2023-04-02 06:32:33 [INFO] : ++++++++++++++++++++++++++++++++++++++++++++
2023-04-02 06:32:33 [INFO] : 正在获取 [国家信息安全漏洞库（CNNVD）] 威胁情报...
2023-04-02 06:32:35 [WARNING] : 获取 [国家信息安全漏洞库（CNNVD）] 威胁情报失败： [HTTP Error 403]
2023-04-02 06:32:35 [INFO] : 得到 [国家信息安全漏洞库（CNNVD）] 最新威胁情报 [0] 条
2023-04-02 06:32:35 [INFO] : --------------------------------------------
2023-04-02 06:32:35 [INFO] : ++++++++++++++++++++++++++++++++++++++++++++
2023-04-02 06:32:35 [INFO] : 正在获取 [360 网络安全响应中心] 威胁情报...
2023-04-02 06:32:38 [INFO] : 得到 [360 网络安全响应中心] 最新威胁情报 [0] 条
2023-04-02 06:32:38 [INFO] : --------------------------------------------
2023-04-02 06:32:38 [INFO] : ++++++++++++++++++++++++++++++++++++++++++++
2023-04-02 06:32:38 [INFO] : 正在获取 [美国国家漏洞数据库（NVD）] 威胁情报...
2023-04-02 06:32:38 [INFO] : 得到 [美国国家漏洞数据库（NVD）] 最新威胁情报 [0] 条
2023-04-02 06:32:38 [INFO] : --------------------------------------------
2023-04-02 06:32:38 [INFO] : ++++++++++++++++++++++++++++++++++++++++++++
2023-04-02 06:32:38 [INFO] : 正在获取 [绿盟] 威胁情报...
2023-04-02 06:32:39 [INFO] : 得到 [绿盟] 最新威胁情报 [0] 条
2023-04-02 06:32:39 [INFO] : --------------------------------------------
2023-04-02 06:32:39 [INFO] : ++++++++++++++++++++++++++++++++++++++++++++
2023-04-02 06:32:39 [INFO] : 正在获取 [奇安信] 威胁情报...
2023-04-02 06:32:41 [INFO] : 得到 [奇安信] 最新威胁情报 [0] 条
2023-04-02 06:32:41 [INFO] : --------------------------------------------
2023-04-02 06:32:41 [INFO] : ++++++++++++++++++++++++++++++++++++++++++++
2023-04-02 06:32:41 [INFO] : 正在获取 [红后] 威胁情报...
2023-04-02 06:32:42 [INFO] : 得到 [红后] 最新威胁情报 [0] 条
2023-04-02 06:32:42 [INFO] : --------------------------------------------
2023-04-02 06:32:42 [INFO] : ++++++++++++++++++++++++++++++++++++++++++++
2023-04-02 06:32:42 [INFO] : 正在获取 [Tenable (Nessus)] 威胁情报...
2023-04-02 06:32:42 [INFO] : 得到 [Tenable (Nessus)] 最新威胁情报 [1] 条
2023-04-02 06:32:42 [INFO] : --------------------------------------------
2023-04-02 06:32:42 [INFO] : 
==============================================
[ TITLE ] An arbitrary file download vulnerability in the background management module of RuoYi v4.7.6 and below allows attackers to download arbitrary files in the server.
[ TIME  ] 2023-04-02 01:15:00
[ CVE   ] CVE-2023-27025
[ SRC   ] Tenable (Nessus)
[ URL   ] https://www.tenable.com/cve/CVE-2023-27025
2023-04-02 06:32:43 [INFO] : [邮件] 正在通过 Github Actions 推送威胁情报...
2023-04-02 07:32:02 [INFO] : ++++++++++++++++++++++++++++++++++++++++++++
2023-04-02 07:32:02 [INFO] : 正在获取 [数字观星POC++] 威胁情报...
2023-04-02 07:32:03 [INFO] : 得到 [数字观星POC++] 最新威胁情报 [0] 条
2023-04-02 07:32:03 [INFO] : --------------------------------------------
2023-04-02 07:32:03 [INFO] : ++++++++++++++++++++++++++++++++++++++++++++
2023-04-02 07:32:03 [INFO] : 正在获取 [阿里云] 威胁情报...
2023-04-02 07:32:04 [INFO] : 得到 [阿里云] 最新威胁情报 [0] 条
2023-04-02 07:32:04 [INFO] : --------------------------------------------
2023-04-02 07:32:04 [INFO] : ++++++++++++++++++++++++++++++++++++++++++++
2023-04-02 07:32:04 [INFO] : 正在获取 [国家信息安全漏洞共享平台（CNVD）] 威胁情报...
2023-04-02 07:32:27 [INFO] : 得到 [国家信息安全漏洞共享平台（CNVD）] 最新威胁情报 [0] 条
2023-04-02 07:32:27 [INFO] : --------------------------------------------
2023-04-02 07:32:27 [INFO] : ++++++++++++++++++++++++++++++++++++++++++++
2023-04-02 07:32:27 [INFO] : 正在获取 [国家信息安全漏洞库（CNNVD）] 威胁情报...
2023-04-02 07:32:29 [WARNING] : 获取 [国家信息安全漏洞库（CNNVD）] 威胁情报失败： [HTTP Error 403]
2023-04-02 07:32:29 [INFO] : 得到 [国家信息安全漏洞库（CNNVD）] 最新威胁情报 [0] 条
2023-04-02 07:32:29 [INFO] : --------------------------------------------
2023-04-02 07:32:29 [INFO] : ++++++++++++++++++++++++++++++++++++++++++++
2023-04-02 07:32:29 [INFO] : 正在获取 [360 网络安全响应中心] 威胁情报...
2023-04-02 07:32:31 [INFO] : 得到 [360 网络安全响应中心] 最新威胁情报 [0] 条
2023-04-02 07:32:31 [INFO] : --------------------------------------------
2023-04-02 07:32:31 [INFO] : ++++++++++++++++++++++++++++++++++++++++++++
2023-04-02 07:32:31 [INFO] : 正在获取 [美国国家漏洞数据库（NVD）] 威胁情报...
2023-04-02 07:32:32 [INFO] : 得到 [美国国家漏洞数据库（NVD）] 最新威胁情报 [0] 条
2023-04-02 07:32:32 [INFO] : --------------------------------------------
2023-04-02 07:32:32 [INFO] : ++++++++++++++++++++++++++++++++++++++++++++
2023-04-02 07:32:32 [INFO] : 正在获取 [绿盟] 威胁情报...
2023-04-02 07:32:33 [INFO] : 得到 [绿盟] 最新威胁情报 [0] 条
2023-04-02 07:32:33 [INFO] : --------------------------------------------
2023-04-02 07:32:33 [INFO] : ++++++++++++++++++++++++++++++++++++++++++++
2023-04-02 07:32:33 [INFO] : 正在获取 [奇安信] 威胁情报...
2023-04-02 07:32:35 [INFO] : 得到 [奇安信] 最新威胁情报 [0] 条
2023-04-02 07:32:35 [INFO] : --------------------------------------------
2023-04-02 07:32:35 [INFO] : ++++++++++++++++++++++++++++++++++++++++++++
2023-04-02 07:32:35 [INFO] : 正在获取 [红后] 威胁情报...
2023-04-02 07:32:36 [INFO] : 得到 [红后] 最新威胁情报 [0] 条
2023-04-02 07:32:36 [INFO] : --------------------------------------------
2023-04-02 07:32:36 [INFO] : ++++++++++++++++++++++++++++++++++++++++++++
2023-04-02 07:32:36 [INFO] : 正在获取 [Tenable (Nessus)] 威胁情报...
2023-04-02 07:32:36 [INFO] : 得到 [Tenable (Nessus)] 最新威胁情报 [0] 条
2023-04-02 07:32:36 [INFO] : --------------------------------------------
2023-04-02 08:31:48 [INFO] : ++++++++++++++++++++++++++++++++++++++++++++
2023-04-02 08:31:48 [INFO] : 正在获取 [数字观星POC++] 威胁情报...
2023-04-02 08:31:50 [INFO] : 得到 [数字观星POC++] 最新威胁情报 [0] 条
2023-04-02 08:31:50 [INFO] : --------------------------------------------
2023-04-02 08:31:50 [INFO] : ++++++++++++++++++++++++++++++++++++++++++++
2023-04-02 08:31:50 [INFO] : 正在获取 [阿里云] 威胁情报...
2023-04-02 08:31:55 [INFO] : 得到 [阿里云] 最新威胁情报 [0] 条
2023-04-02 08:31:55 [INFO] : --------------------------------------------
2023-04-02 08:31:55 [INFO] : ++++++++++++++++++++++++++++++++++++++++++++
2023-04-02 08:31:55 [INFO] : 正在获取 [国家信息安全漏洞共享平台（CNVD）] 威胁情报...
2023-04-02 08:32:18 [INFO] : 得到 [国家信息安全漏洞共享平台（CNVD）] 最新威胁情报 [0] 条
2023-04-02 08:32:18 [INFO] : --------------------------------------------
2023-04-02 08:32:18 [INFO] : ++++++++++++++++++++++++++++++++++++++++++++
2023-04-02 08:32:18 [INFO] : 正在获取 [国家信息安全漏洞库（CNNVD）] 威胁情报...
2023-04-02 08:32:20 [WARNING] : 获取 [国家信息安全漏洞库（CNNVD）] 威胁情报失败： [HTTP Error 403]
2023-04-02 08:32:20 [INFO] : 得到 [国家信息安全漏洞库（CNNVD）] 最新威胁情报 [0] 条
2023-04-02 08:32:20 [INFO] : --------------------------------------------
2023-04-02 08:32:20 [INFO] : ++++++++++++++++++++++++++++++++++++++++++++
2023-04-02 08:32:20 [INFO] : 正在获取 [360 网络安全响应中心] 威胁情报...
2023-04-02 08:32:40 [ERROR] : 获取 [360 网络安全响应中心] 威胁情报异常
Traceback (most recent call last):
  File "/opt/hostedtoolcache/Python/3.8.16/x64/lib/python3.8/site-packages/urllib3/connectionpool.py", line 670, in urlopen
    httplib_response = self._make_request(
  File "/opt/hostedtoolcache/Python/3.8.16/x64/lib/python3.8/site-packages/urllib3/connectionpool.py", line 381, in _make_request
    self._validate_conn(conn)
  File "/opt/hostedtoolcache/Python/3.8.16/x64/lib/python3.8/site-packages/urllib3/connectionpool.py", line 978, in _validate_conn
    conn.connect()
  File "/opt/hostedtoolcache/Python/3.8.16/x64/lib/python3.8/site-packages/urllib3/connection.py", line 362, in connect
    self.sock = ssl_wrap_socket(
  File "/opt/hostedtoolcache/Python/3.8.16/x64/lib/python3.8/site-packages/urllib3/util/ssl_.py", line 386, in ssl_wrap_socket
    return context.wrap_socket(sock, server_hostname=server_hostname)
  File "/opt/hostedtoolcache/Python/3.8.16/x64/lib/python3.8/ssl.py", line 500, in wrap_socket
    return self.sslsocket_class._create(
  File "/opt/hostedtoolcache/Python/3.8.16/x64/lib/python3.8/ssl.py", line 1040, in _create
    self.do_handshake()
  File "/opt/hostedtoolcache/Python/3.8.16/x64/lib/python3.8/ssl.py", line 1309, in do_handshake
    self._sslobj.do_handshake()
ssl.SSLZeroReturnError: TLS/SSL connection has been closed (EOF) (_ssl.c:1131)

During handling of the above exception, another exception occurred:

Traceback (most recent call last):
  File "/opt/hostedtoolcache/Python/3.8.16/x64/lib/python3.8/site-packages/requests/adapters.py", line 439, in send
    resp = conn.urlopen(
  File "/opt/hostedtoolcache/Python/3.8.16/x64/lib/python3.8/site-packages/urllib3/connectionpool.py", line 726, in urlopen
    retries = retries.increment(
  File "/opt/hostedtoolcache/Python/3.8.16/x64/lib/python3.8/site-packages/urllib3/util/retry.py", line 446, in increment
    raise MaxRetryError(_pool, url, error or ResponseError(cause))
urllib3.exceptions.MaxRetryError: HTTPSConnectionPool(host='cert.360.cn', port=443): Max retries exceeded with url: /warning/searchbypage?length=6&start=0 (Caused by SSLError(SSLZeroReturnError(6, 'TLS/SSL connection has been closed (EOF) (_ssl.c:1131)')))

During handling of the above exception, another exception occurred:

Traceback (most recent call last):
  File "/home/runner/work/threat-broadcast/threat-broadcast/src/crawler/_base_crawler.py", line 62, in cves
    new_cves = self.get_cves()
  File "/home/runner/work/threat-broadcast/threat-broadcast/src/crawler/cert360.py", line 48, in get_cves
    response = requests.get(
  File "/opt/hostedtoolcache/Python/3.8.16/x64/lib/python3.8/site-packages/requests/api.py", line 75, in get
    return request('get', url, params=params, **kwargs)
  File "/opt/hostedtoolcache/Python/3.8.16/x64/lib/python3.8/site-packages/requests/api.py", line 60, in request
    return session.request(method=method, url=url, **kwargs)
  File "/opt/hostedtoolcache/Python/3.8.16/x64/lib/python3.8/site-packages/requests/sessions.py", line 533, in request
    resp = self.send(prep, **send_kwargs)
  File "/opt/hostedtoolcache/Python/3.8.16/x64/lib/python3.8/site-packages/requests/sessions.py", line 646, in send
    r = adapter.send(request, **kwargs)
  File "/opt/hostedtoolcache/Python/3.8.16/x64/lib/python3.8/site-packages/requests/adapters.py", line 514, in send
    raise SSLError(e, request=request)
requests.exceptions.SSLError: HTTPSConnectionPool(host='cert.360.cn', port=443): Max retries exceeded with url: /warning/searchbypage?length=6&start=0 (Caused by SSLError(SSLZeroReturnError(6, 'TLS/SSL connection has been closed (EOF) (_ssl.c:1131)')))
2023-04-02 08:32:40 [ERROR] : Traceback (most recent call last):
  File "/opt/hostedtoolcache/Python/3.8.16/x64/lib/python3.8/site-packages/urllib3/connectionpool.py", line 670, in urlopen
    httplib_response = self._make_request(
  File "/opt/hostedtoolcache/Python/3.8.16/x64/lib/python3.8/site-packages/urllib3/connectionpool.py", line 381, in _make_request
    self._validate_conn(conn)
  File "/opt/hostedtoolcache/Python/3.8.16/x64/lib/python3.8/site-packages/urllib3/connectionpool.py", line 978, in _validate_conn
    conn.connect()
  File "/opt/hostedtoolcache/Python/3.8.16/x64/lib/python3.8/site-packages/urllib3/connection.py", line 362, in connect
    self.sock = ssl_wrap_socket(
  File "/opt/hostedtoolcache/Python/3.8.16/x64/lib/python3.8/site-packages/urllib3/util/ssl_.py", line 386, in ssl_wrap_socket
    return context.wrap_socket(sock, server_hostname=server_hostname)
  File "/opt/hostedtoolcache/Python/3.8.16/x64/lib/python3.8/ssl.py", line 500, in wrap_socket
    return self.sslsocket_class._create(
  File "/opt/hostedtoolcache/Python/3.8.16/x64/lib/python3.8/ssl.py", line 1040, in _create
    self.do_handshake()
  File "/opt/hostedtoolcache/Python/3.8.16/x64/lib/python3.8/ssl.py", line 1309, in do_handshake
    self._sslobj.do_handshake()
ssl.SSLZeroReturnError: TLS/SSL connection has been closed (EOF) (_ssl.c:1131)

During handling of the above exception, another exception occurred:

Traceback (most recent call last):
  File "/opt/hostedtoolcache/Python/3.8.16/x64/lib/python3.8/site-packages/requests/adapters.py", line 439, in send
    resp = conn.urlopen(
  File "/opt/hostedtoolcache/Python/3.8.16/x64/lib/python3.8/site-packages/urllib3/connectionpool.py", line 726, in urlopen
    retries = retries.increment(
  File "/opt/hostedtoolcache/Python/3.8.16/x64/lib/python3.8/site-packages/urllib3/util/retry.py", line 446, in increment
    raise MaxRetryError(_pool, url, error or ResponseError(cause))
urllib3.exceptions.MaxRetryError: HTTPSConnectionPool(host='cert.360.cn', port=443): Max retries exceeded with url: /warning/searchbypage?length=6&start=0 (Caused by SSLError(SSLZeroReturnError(6, 'TLS/SSL connection has been closed (EOF) (_ssl.c:1131)')))

During handling of the above exception, another exception occurred:

Traceback (most recent call last):
  File "/home/runner/work/threat-broadcast/threat-broadcast/src/crawler/_base_crawler.py", line 62, in cves
    new_cves = self.get_cves()
  File "/home/runner/work/threat-broadcast/threat-broadcast/src/crawler/cert360.py", line 48, in get_cves
    response = requests.get(
  File "/opt/hostedtoolcache/Python/3.8.16/x64/lib/python3.8/site-packages/requests/api.py", line 75, in get
    return request('get', url, params=params, **kwargs)
  File "/opt/hostedtoolcache/Python/3.8.16/x64/lib/python3.8/site-packages/requests/api.py", line 60, in request
    return session.request(method=method, url=url, **kwargs)
  File "/opt/hostedtoolcache/Python/3.8.16/x64/lib/python3.8/site-packages/requests/sessions.py", line 533, in request
    resp = self.send(prep, **send_kwargs)
  File "/opt/hostedtoolcache/Python/3.8.16/x64/lib/python3.8/site-packages/requests/sessions.py", line 646, in send
    r = adapter.send(request, **kwargs)
  File "/opt/hostedtoolcache/Python/3.8.16/x64/lib/python3.8/site-packages/requests/adapters.py", line 514, in send
    raise SSLError(e, request=request)
requests.exceptions.SSLError: HTTPSConnectionPool(host='cert.360.cn', port=443): Max retries exceeded with url: /warning/searchbypage?length=6&start=0 (Caused by SSLError(SSLZeroReturnError(6, 'TLS/SSL connection has been closed (EOF) (_ssl.c:1131)')))
Traceback (most recent call last):
  File "/opt/hostedtoolcache/Python/3.8.16/x64/lib/python3.8/site-packages/urllib3/connectionpool.py", line 670, in urlopen
    httplib_response = self._make_request(
  File "/opt/hostedtoolcache/Python/3.8.16/x64/lib/python3.8/site-packages/urllib3/connectionpool.py", line 381, in _make_request
    self._validate_conn(conn)
  File "/opt/hostedtoolcache/Python/3.8.16/x64/lib/python3.8/site-packages/urllib3/connectionpool.py", line 978, in _validate_conn
    conn.connect()
  File "/opt/hostedtoolcache/Python/3.8.16/x64/lib/python3.8/site-packages/urllib3/connection.py", line 362, in connect
    self.sock = ssl_wrap_socket(
  File "/opt/hostedtoolcache/Python/3.8.16/x64/lib/python3.8/site-packages/urllib3/util/ssl_.py", line 386, in ssl_wrap_socket
    return context.wrap_socket(sock, server_hostname=server_hostname)
  File "/opt/hostedtoolcache/Python/3.8.16/x64/lib/python3.8/ssl.py", line 500, in wrap_socket
    return self.sslsocket_class._create(
  File "/opt/hostedtoolcache/Python/3.8.16/x64/lib/python3.8/ssl.py", line 1040, in _create
    self.do_handshake()
  File "/opt/hostedtoolcache/Python/3.8.16/x64/lib/python3.8/ssl.py", line 1309, in do_handshake
    self._sslobj.do_handshake()
ssl.SSLZeroReturnError: TLS/SSL connection has been closed (EOF) (_ssl.c:1131)

During handling of the above exception, another exception occurred:

Traceback (most recent call last):
  File "/opt/hostedtoolcache/Python/3.8.16/x64/lib/python3.8/site-packages/requests/adapters.py", line 439, in send
    resp = conn.urlopen(
  File "/opt/hostedtoolcache/Python/3.8.16/x64/lib/python3.8/site-packages/urllib3/connectionpool.py", line 726, in urlopen
    retries = retries.increment(
  File "/opt/hostedtoolcache/Python/3.8.16/x64/lib/python3.8/site-packages/urllib3/util/retry.py", line 446, in increment
    raise MaxRetryError(_pool, url, error or ResponseError(cause))
urllib3.exceptions.MaxRetryError: HTTPSConnectionPool(host='cert.360.cn', port=443): Max retries exceeded with url: /warning/searchbypage?length=6&start=0 (Caused by SSLError(SSLZeroReturnError(6, 'TLS/SSL connection has been closed (EOF) (_ssl.c:1131)')))

During handling of the above exception, another exception occurred:

Traceback (most recent call last):
  File "/home/runner/work/threat-broadcast/threat-broadcast/src/crawler/_base_crawler.py", line 62, in cves
    new_cves = self.get_cves()
  File "/home/runner/work/threat-broadcast/threat-broadcast/src/crawler/cert360.py", line 48, in get_cves
    response = requests.get(
  File "/opt/hostedtoolcache/Python/3.8.16/x64/lib/python3.8/site-packages/requests/api.py", line 75, in get
    return request('get', url, params=params, **kwargs)
  File "/opt/hostedtoolcache/Python/3.8.16/x64/lib/python3.8/site-packages/requests/api.py", line 60, in request
    return session.request(method=method, url=url, **kwargs)
  File "/opt/hostedtoolcache/Python/3.8.16/x64/lib/python3.8/site-packages/requests/sessions.py", line 533, in request
    resp = self.send(prep, **send_kwargs)
  File "/opt/hostedtoolcache/Python/3.8.16/x64/lib/python3.8/site-packages/requests/sessions.py", line 646, in send
    r = adapter.send(request, **kwargs)
  File "/opt/hostedtoolcache/Python/3.8.16/x64/lib/python3.8/site-packages/requests/adapters.py", line 514, in send
    raise SSLError(e, request=request)
requests.exceptions.SSLError: HTTPSConnectionPool(host='cert.360.cn', port=443): Max retries exceeded with url: /warning/searchbypage?length=6&start=0 (Caused by SSLError(SSLZeroReturnError(6, 'TLS/SSL connection has been closed (EOF) (_ssl.c:1131)')))
2023-04-02 08:32:40 [INFO] : 得到 [360 网络安全响应中心] 最新威胁情报 [0] 条
2023-04-02 08:32:40 [INFO] : --------------------------------------------
2023-04-02 08:32:40 [INFO] : ++++++++++++++++++++++++++++++++++++++++++++
2023-04-02 08:32:40 [INFO] : 正在获取 [美国国家漏洞数据库（NVD）] 威胁情报...
2023-04-02 08:32:41 [INFO] : 得到 [美国国家漏洞数据库（NVD）] 最新威胁情报 [0] 条
2023-04-02 08:32:41 [INFO] : --------------------------------------------
2023-04-02 08:32:41 [INFO] : ++++++++++++++++++++++++++++++++++++++++++++
2023-04-02 08:32:41 [INFO] : 正在获取 [绿盟] 威胁情报...
2023-04-02 08:32:42 [INFO] : 得到 [绿盟] 最新威胁情报 [0] 条
2023-04-02 08:32:42 [INFO] : --------------------------------------------
2023-04-02 08:32:42 [INFO] : ++++++++++++++++++++++++++++++++++++++++++++
2023-04-02 08:32:42 [INFO] : 正在获取 [奇安信] 威胁情报...
2023-04-02 08:32:44 [INFO] : 得到 [奇安信] 最新威胁情报 [0] 条
2023-04-02 08:32:44 [INFO] : --------------------------------------------
2023-04-02 08:32:44 [INFO] : ++++++++++++++++++++++++++++++++++++++++++++
2023-04-02 08:32:44 [INFO] : 正在获取 [红后] 威胁情报...
2023-04-02 08:32:45 [INFO] : 得到 [红后] 最新威胁情报 [0] 条
2023-04-02 08:32:45 [INFO] : --------------------------------------------
2023-04-02 08:32:45 [INFO] : ++++++++++++++++++++++++++++++++++++++++++++
2023-04-02 08:32:45 [INFO] : 正在获取 [Tenable (Nessus)] 威胁情报...
2023-04-02 08:32:46 [INFO] : 得到 [Tenable (Nessus)] 最新威胁情报 [0] 条
2023-04-02 08:32:46 [INFO] : --------------------------------------------
2023-04-02 09:31:54 [INFO] : ++++++++++++++++++++++++++++++++++++++++++++
2023-04-02 09:31:54 [INFO] : 正在获取 [数字观星POC++] 威胁情报...
2023-04-02 09:31:55 [INFO] : 得到 [数字观星POC++] 最新威胁情报 [0] 条
2023-04-02 09:31:55 [INFO] : --------------------------------------------
2023-04-02 09:31:55 [INFO] : ++++++++++++++++++++++++++++++++++++++++++++
2023-04-02 09:31:55 [INFO] : 正在获取 [阿里云] 威胁情报...
2023-04-02 09:31:58 [INFO] : 得到 [阿里云] 最新威胁情报 [0] 条
2023-04-02 09:31:58 [INFO] : --------------------------------------------
2023-04-02 09:31:58 [INFO] : ++++++++++++++++++++++++++++++++++++++++++++
2023-04-02 09:31:58 [INFO] : 正在获取 [国家信息安全漏洞共享平台（CNVD）] 威胁情报...
2023-04-02 09:32:21 [INFO] : 得到 [国家信息安全漏洞共享平台（CNVD）] 最新威胁情报 [0] 条
2023-04-02 09:32:21 [INFO] : --------------------------------------------
2023-04-02 09:32:21 [INFO] : ++++++++++++++++++++++++++++++++++++++++++++
2023-04-02 09:32:21 [INFO] : 正在获取 [国家信息安全漏洞库（CNNVD）] 威胁情报...
2023-04-02 09:32:23 [WARNING] : 获取 [国家信息安全漏洞库（CNNVD）] 威胁情报失败： [HTTP Error 403]
2023-04-02 09:32:23 [INFO] : 得到 [国家信息安全漏洞库（CNNVD）] 最新威胁情报 [0] 条
2023-04-02 09:32:23 [INFO] : --------------------------------------------
2023-04-02 09:32:23 [INFO] : ++++++++++++++++++++++++++++++++++++++++++++
2023-04-02 09:32:23 [INFO] : 正在获取 [360 网络安全响应中心] 威胁情报...
2023-04-02 09:32:25 [INFO] : 得到 [360 网络安全响应中心] 最新威胁情报 [0] 条
2023-04-02 09:32:25 [INFO] : --------------------------------------------
2023-04-02 09:32:25 [INFO] : ++++++++++++++++++++++++++++++++++++++++++++
2023-04-02 09:32:25 [INFO] : 正在获取 [美国国家漏洞数据库（NVD）] 威胁情报...
2023-04-02 09:32:26 [INFO] : 得到 [美国国家漏洞数据库（NVD）] 最新威胁情报 [0] 条
2023-04-02 09:32:26 [INFO] : --------------------------------------------
2023-04-02 09:32:26 [INFO] : ++++++++++++++++++++++++++++++++++++++++++++
2023-04-02 09:32:26 [INFO] : 正在获取 [绿盟] 威胁情报...
2023-04-02 09:32:27 [INFO] : 得到 [绿盟] 最新威胁情报 [0] 条
2023-04-02 09:32:27 [INFO] : --------------------------------------------
2023-04-02 09:32:27 [INFO] : ++++++++++++++++++++++++++++++++++++++++++++
2023-04-02 09:32:27 [INFO] : 正在获取 [奇安信] 威胁情报...
2023-04-02 09:32:28 [INFO] : 得到 [奇安信] 最新威胁情报 [0] 条
2023-04-02 09:32:28 [INFO] : --------------------------------------------
2023-04-02 09:32:28 [INFO] : ++++++++++++++++++++++++++++++++++++++++++++
2023-04-02 09:32:28 [INFO] : 正在获取 [红后] 威胁情报...
2023-04-02 09:32:30 [INFO] : 得到 [红后] 最新威胁情报 [0] 条
2023-04-02 09:32:30 [INFO] : --------------------------------------------
2023-04-02 09:32:30 [INFO] : ++++++++++++++++++++++++++++++++++++++++++++
2023-04-02 09:32:30 [INFO] : 正在获取 [Tenable (Nessus)] 威胁情报...
2023-04-02 09:32:30 [INFO] : 得到 [Tenable (Nessus)] 最新威胁情报 [0] 条
2023-04-02 09:32:30 [INFO] : --------------------------------------------
2023-04-02 11:32:04 [INFO] : ++++++++++++++++++++++++++++++++++++++++++++
2023-04-02 11:32:04 [INFO] : 正在获取 [数字观星POC++] 威胁情报...
2023-04-02 11:32:05 [INFO] : 得到 [数字观星POC++] 最新威胁情报 [0] 条
2023-04-02 11:32:05 [INFO] : --------------------------------------------
2023-04-02 11:32:05 [INFO] : ++++++++++++++++++++++++++++++++++++++++++++
2023-04-02 11:32:05 [INFO] : 正在获取 [阿里云] 威胁情报...
2023-04-02 11:32:06 [INFO] : 得到 [阿里云] 最新威胁情报 [0] 条
2023-04-02 11:32:06 [INFO] : --------------------------------------------
2023-04-02 11:32:06 [INFO] : ++++++++++++++++++++++++++++++++++++++++++++
2023-04-02 11:32:06 [INFO] : 正在获取 [国家信息安全漏洞共享平台（CNVD）] 威胁情报...
2023-04-02 11:32:30 [INFO] : 得到 [国家信息安全漏洞共享平台（CNVD）] 最新威胁情报 [0] 条
2023-04-02 11:32:30 [INFO] : --------------------------------------------
2023-04-02 11:32:30 [INFO] : ++++++++++++++++++++++++++++++++++++++++++++
2023-04-02 11:32:30 [INFO] : 正在获取 [国家信息安全漏洞库（CNNVD）] 威胁情报...
2023-04-02 11:32:32 [WARNING] : 获取 [国家信息安全漏洞库（CNNVD）] 威胁情报失败： [HTTP Error 403]
2023-04-02 11:32:32 [INFO] : 得到 [国家信息安全漏洞库（CNNVD）] 最新威胁情报 [0] 条
2023-04-02 11:32:32 [INFO] : --------------------------------------------
2023-04-02 11:32:32 [INFO] : ++++++++++++++++++++++++++++++++++++++++++++
2023-04-02 11:32:32 [INFO] : 正在获取 [360 网络安全响应中心] 威胁情报...
2023-04-02 11:32:35 [INFO] : 得到 [360 网络安全响应中心] 最新威胁情报 [0] 条
2023-04-02 11:32:35 [INFO] : --------------------------------------------
2023-04-02 11:32:35 [INFO] : ++++++++++++++++++++++++++++++++++++++++++++
2023-04-02 11:32:35 [INFO] : 正在获取 [美国国家漏洞数据库（NVD）] 威胁情报...
2023-04-02 11:32:35 [INFO] : 得到 [美国国家漏洞数据库（NVD）] 最新威胁情报 [6] 条
2023-04-02 11:32:35 [INFO] : --------------------------------------------
2023-04-02 11:32:35 [INFO] : 
==============================================
[ TITLE ] Adobe ColdFusion versions 2018 Update 15 (and earlier) and 2021 Update 5 (and earlier) are affected by an Improper Access Control vulnerability that could result in arbitrary code execution in the context of the current user. Exploitation of this issue does not require user interaction.
[ TIME  ] 2023-03-23 20:15:15 
[ CVE   ] CVE-2023-26360
[ SRC   ] 美国国家漏洞数据库（NVD）
[ URL   ] https://web.nvd.nist.gov/view/vuln/detail?vulnId=CVE-2023-26360
2023-04-02 11:32:35 [INFO] : 
==============================================
[ TITLE ] Adobe ColdFusion versions 2018 Update 15 (and earlier) and 2021 Update 5 (and earlier) are affected by a Deserialization of Untrusted Data vulnerability that could result in arbitrary code execution in the context of the current user. Exploitation of this issue does not require user interaction.
[ TIME  ] 2023-03-23 20:15:15 
[ CVE   ] CVE-2023-26359
[ SRC   ] 美国国家漏洞数据库（NVD）
[ URL   ] https://web.nvd.nist.gov/view/vuln/detail?vulnId=CVE-2023-26359
2023-04-02 11:32:35 [INFO] : 
==============================================
[ TITLE ] Adobe Dimension versions 3.4.7 (and earlier) is affected by an out-of-bounds read vulnerability that could lead to disclosure of sensitive memory. An attacker could leverage this vulnerability to bypass mitigations such as ASLR. Exploitation of this issue requires user interaction in that a victim must open a malicious file.
[ TIME  ] 2023-03-28 20:15:15 
[ CVE   ] CVE-2023-26356
[ SRC   ] 美国国家漏洞数据库（NVD）
[ URL   ] https://web.nvd.nist.gov/view/vuln/detail?vulnId=CVE-2023-26356
2023-04-02 11:32:35 [INFO] : 
==============================================
[ TITLE ] Adobe Dimension versions 3.4.7 (and earlier) is affected by an out-of-bounds read vulnerability that could lead to disclosure of sensitive memory. An attacker could leverage this vulnerability to bypass mitigations such as ASLR. Exploitation of this issue requires user interaction in that a victim must open a malicious file.
[ TIME  ] 2023-03-28 20:15:15 
[ CVE   ] CVE-2023-26355
[ SRC   ] 美国国家漏洞数据库（NVD）
[ URL   ] https://web.nvd.nist.gov/view/vuln/detail?vulnId=CVE-2023-26355
2023-04-02 11:32:35 [INFO] : 
==============================================
[ TITLE ] Adobe Dimension versions 3.4.7 (and earlier) is affected by an out-of-bounds read vulnerability that could lead to disclosure of sensitive memory. An attacker could leverage this vulnerability to bypass mitigations such as ASLR. Exploitation of this issue requires user interaction in that a victim must open a malicious file.
[ TIME  ] 2023-03-28 20:15:15 
[ CVE   ] CVE-2023-26354
[ SRC   ] 美国国家漏洞数据库（NVD）
[ URL   ] https://web.nvd.nist.gov/view/vuln/detail?vulnId=CVE-2023-26354
2023-04-02 11:32:35 [INFO] : 
==============================================
[ TITLE ] Adobe Dimension versions 3.4.7 (and earlier) is affected by an out-of-bounds read vulnerability that could lead to disclosure of sensitive memory. An attacker could leverage this vulnerability to bypass mitigations such as ASLR. Exploitation of this issue requires user interaction in that a victim must open a malicious file.
[ TIME  ] 2023-03-28 20:15:15 
[ CVE   ] CVE-2023-26353
[ SRC   ] 美国国家漏洞数据库（NVD）
[ URL   ] https://web.nvd.nist.gov/view/vuln/detail?vulnId=CVE-2023-26353
2023-04-02 11:32:35 [INFO] : ++++++++++++++++++++++++++++++++++++++++++++
2023-04-02 11:32:35 [INFO] : 正在获取 [绿盟] 威胁情报...
2023-04-02 11:32:36 [INFO] : 得到 [绿盟] 最新威胁情报 [0] 条
2023-04-02 11:32:36 [INFO] : --------------------------------------------
2023-04-02 11:32:36 [INFO] : ++++++++++++++++++++++++++++++++++++++++++++
2023-04-02 11:32:36 [INFO] : 正在获取 [奇安信] 威胁情报...
2023-04-02 11:32:42 [INFO] : 得到 [奇安信] 最新威胁情报 [0] 条
2023-04-02 11:32:42 [INFO] : --------------------------------------------
2023-04-02 11:32:42 [INFO] : ++++++++++++++++++++++++++++++++++++++++++++
2023-04-02 11:32:42 [INFO] : 正在获取 [红后] 威胁情报...
2023-04-02 11:32:44 [INFO] : 得到 [红后] 最新威胁情报 [0] 条
2023-04-02 11:32:44 [INFO] : --------------------------------------------
2023-04-02 11:32:44 [INFO] : ++++++++++++++++++++++++++++++++++++++++++++
2023-04-02 11:32:44 [INFO] : 正在获取 [Tenable (Nessus)] 威胁情报...
2023-04-02 11:32:44 [INFO] : 得到 [Tenable (Nessus)] 最新威胁情报 [6] 条
2023-04-02 11:32:44 [INFO] : --------------------------------------------
2023-04-02 11:32:44 [INFO] : 
==============================================
[ TITLE ] A vulnerability classified as problematic has been found in SourceCodester Employee Payslip Generator 1.0. Affected is an unknown function of the file /classes/Master.php?f=save_position of the component Create News Handler. The manipulation of the argument name with the input <script>alert(document.cookie)</script> leads to cross site scripting. It is possible to launch the attack remotely. The exploit has been disclosed to the public and may be used. The identifier of this vulnerability is VDB-224748.
[ TIME  ] 2023-04-02 09:15:00
[ CVE   ] CVE-2023-1796
[ SRC   ] Tenable (Nessus)
[ URL   ] https://www.tenable.com/cve/CVE-2023-1796
2023-04-02 11:32:44 [INFO] : 
==============================================
[ TITLE ] A vulnerability was found in SourceCodester Gadget Works Online Ordering System 1.0. It has been rated as problematic. This issue affects some unknown processing of the file /admin/products/index.php of the component GET Parameter Handler. The manipulation of the argument view with the input <script>alert(666)</script> leads to cross site scripting. The attack may be initiated remotely. The exploit has been disclosed to the public and may be used. The associated identifier of this vulnerability is VDB-224747.
[ TIME  ] 2023-04-02 09:15:00
[ CVE   ] CVE-2023-1795
[ SRC   ] Tenable (Nessus)
[ URL   ] https://www.tenable.com/cve/CVE-2023-1795
2023-04-02 11:32:44 [INFO] : 
==============================================
[ TITLE ] A vulnerability was found in SourceCodester Police Crime Record Management System 1.0. It has been declared as problematic. This vulnerability affects unknown code of the file /admin/casedetails.php of the component GET Parameter Handler. The manipulation of the argument id with the input "><script>alert(233)</script> leads to cross site scripting. The attack can be initiated remotely. The exploit has been disclosed to the public and may be used. VDB-224746 is the identifier assigned to this vulnerability.
[ TIME  ] 2023-04-02 08:15:00
[ CVE   ] CVE-2023-1794
[ SRC   ] Tenable (Nessus)
[ URL   ] https://www.tenable.com/cve/CVE-2023-1794
2023-04-02 11:32:44 [INFO] : 
==============================================
[ TITLE ] A vulnerability was found in SourceCodester Police Crime Record Management System 1.0. It has been classified as critical. This affects an unknown part of the file /officer/assigncase.php of the component GET Parameter Handler. The manipulation of the argument caseid leads to sql injection. It is possible to initiate the attack remotely. The exploit has been disclosed to the public and may be used. The identifier VDB-224745 was assigned to this vulnerability.
[ TIME  ] 2023-04-02 08:15:00
[ CVE   ] CVE-2023-1793
[ SRC   ] Tenable (Nessus)
[ URL   ] https://www.tenable.com/cve/CVE-2023-1793
2023-04-02 11:32:44 [INFO] : 
==============================================
[ TITLE ] A vulnerability was found in SourceCodester Simple Mobile Comparison Website 1.0 and classified as critical. Affected by this issue is some unknown functionality of the file /admin/fields/manage_field.php of the component GET Parameter Handler. The manipulation of the argument id leads to sql injection. The attack may be launched remotely. The exploit has been disclosed to the public and may be used. The identifier of this vulnerability is VDB-224744.
[ TIME  ] 2023-04-02 07:15:00
[ CVE   ] CVE-2023-1792
[ SRC   ] Tenable (Nessus)
[ URL   ] https://www.tenable.com/cve/CVE-2023-1792
2023-04-02 11:32:44 [INFO] : 
==============================================
[ TITLE ] A vulnerability has been found in SourceCodester Simple Task Allocation System 1.0 and classified as critical. Affected by this vulnerability is an unknown functionality of the file manage_user.php. The manipulation of the argument id leads to sql injection. The attack can be launched remotely. The exploit has been disclosed to the public and may be used. The associated identifier of this vulnerability is VDB-224743.
[ TIME  ] 2023-04-02 07:15:00
[ CVE   ] CVE-2023-1791
[ SRC   ] Tenable (Nessus)
[ URL   ] https://www.tenable.com/cve/CVE-2023-1791
2023-04-02 11:32:44 [INFO] : [邮件] 正在通过 Github Actions 推送威胁情报...
2023-04-02 12:45:33 [INFO] : ++++++++++++++++++++++++++++++++++++++++++++
2023-04-02 12:45:33 [INFO] : 正在获取 [数字观星POC++] 威胁情报...
2023-04-02 12:45:35 [INFO] : 得到 [数字观星POC++] 最新威胁情报 [0] 条
2023-04-02 12:45:35 [INFO] : --------------------------------------------
2023-04-02 12:45:35 [INFO] : ++++++++++++++++++++++++++++++++++++++++++++
2023-04-02 12:45:35 [INFO] : 正在获取 [阿里云] 威胁情报...
2023-04-02 12:45:36 [INFO] : 得到 [阿里云] 最新威胁情报 [0] 条
2023-04-02 12:45:36 [INFO] : --------------------------------------------
2023-04-02 12:45:36 [INFO] : ++++++++++++++++++++++++++++++++++++++++++++
2023-04-02 12:45:36 [INFO] : 正在获取 [国家信息安全漏洞共享平台（CNVD）] 威胁情报...
2023-04-02 12:46:00 [INFO] : 得到 [国家信息安全漏洞共享平台（CNVD）] 最新威胁情报 [0] 条
2023-04-02 12:46:00 [INFO] : --------------------------------------------
2023-04-02 12:46:00 [INFO] : ++++++++++++++++++++++++++++++++++++++++++++
2023-04-02 12:46:00 [INFO] : 正在获取 [国家信息安全漏洞库（CNNVD）] 威胁情报...
2023-04-02 12:46:02 [WARNING] : 获取 [国家信息安全漏洞库（CNNVD）] 威胁情报失败： [HTTP Error 403]
2023-04-02 12:46:02 [INFO] : 得到 [国家信息安全漏洞库（CNNVD）] 最新威胁情报 [0] 条
2023-04-02 12:46:02 [INFO] : --------------------------------------------
2023-04-02 12:46:02 [INFO] : ++++++++++++++++++++++++++++++++++++++++++++
2023-04-02 12:46:02 [INFO] : 正在获取 [360 网络安全响应中心] 威胁情报...
2023-04-02 12:46:04 [INFO] : 得到 [360 网络安全响应中心] 最新威胁情报 [0] 条
2023-04-02 12:46:04 [INFO] : --------------------------------------------
2023-04-02 12:46:04 [INFO] : ++++++++++++++++++++++++++++++++++++++++++++
2023-04-02 12:46:04 [INFO] : 正在获取 [美国国家漏洞数据库（NVD）] 威胁情报...
2023-04-02 12:46:05 [INFO] : 得到 [美国国家漏洞数据库（NVD）] 最新威胁情报 [4] 条
2023-04-02 12:46:05 [INFO] : --------------------------------------------
2023-04-02 12:46:05 [INFO] : 
==============================================
[ TITLE ] Adobe Dimension versions 3.4.7 (and earlier) is affected by an out-of-bounds read vulnerability that could lead to disclosure of sensitive memory. An attacker could leverage this vulnerability to bypass mitigations such as ASLR. Exploitation of this issue requires user interaction in that a victim must open a malicious file.
[ TIME  ] 2023-03-28 20:15:15 
[ CVE   ] CVE-2023-26352
[ SRC   ] 美国国家漏洞数据库（NVD）
[ URL   ] https://web.nvd.nist.gov/view/vuln/detail?vulnId=CVE-2023-26352
2023-04-02 12:46:05 [INFO] : 
==============================================
[ TITLE ] Adobe Dimension versions 3.4.7 (and earlier) is affected by an out-of-bounds read vulnerability that could lead to disclosure of sensitive memory. An attacker could leverage this vulnerability to bypass mitigations such as ASLR. Exploitation of this issue requires user interaction in that a victim must open a malicious file.
[ TIME  ] 2023-03-28 20:15:15 
[ CVE   ] CVE-2023-26351
[ SRC   ] 美国国家漏洞数据库（NVD）
[ URL   ] https://web.nvd.nist.gov/view/vuln/detail?vulnId=CVE-2023-26351
2023-04-02 12:46:05 [INFO] : 
==============================================
[ TITLE ] Adobe Dimension versions 3.4.7 (and earlier) is affected by an out-of-bounds read vulnerability that could lead to disclosure of sensitive memory. An attacker could leverage this vulnerability to bypass mitigations such as ASLR. Exploitation of this issue requires user interaction in that a victim must open a malicious file.
[ TIME  ] 2023-03-28 20:15:15 
[ CVE   ] CVE-2023-26350
[ SRC   ] 美国国家漏洞数据库（NVD）
[ URL   ] https://web.nvd.nist.gov/view/vuln/detail?vulnId=CVE-2023-26350
2023-04-02 12:46:05 [INFO] : 
==============================================
[ TITLE ] Adobe Dimension versions 3.4.7 (and earlier) is affected by a Use After Free vulnerability that could lead to disclosure of sensitive memory. An attacker could leverage this vulnerability to bypass mitigations such as ASLR. Exploitation of this issue requires user interaction in that a victim must open a malicious file.
[ TIME  ] 2023-03-28 20:15:14 
[ CVE   ] CVE-2023-26349
[ SRC   ] 美国国家漏洞数据库（NVD）
[ URL   ] https://web.nvd.nist.gov/view/vuln/detail?vulnId=CVE-2023-26349
2023-04-02 12:46:05 [INFO] : ++++++++++++++++++++++++++++++++++++++++++++
2023-04-02 12:46:05 [INFO] : 正在获取 [绿盟] 威胁情报...
2023-04-02 12:46:07 [INFO] : 得到 [绿盟] 最新威胁情报 [0] 条
2023-04-02 12:46:07 [INFO] : --------------------------------------------
2023-04-02 12:46:07 [INFO] : ++++++++++++++++++++++++++++++++++++++++++++
2023-04-02 12:46:07 [INFO] : 正在获取 [奇安信] 威胁情报...
2023-04-02 12:46:08 [INFO] : 得到 [奇安信] 最新威胁情报 [0] 条
2023-04-02 12:46:08 [INFO] : --------------------------------------------
2023-04-02 12:46:08 [INFO] : ++++++++++++++++++++++++++++++++++++++++++++
2023-04-02 12:46:08 [INFO] : 正在获取 [红后] 威胁情报...
2023-04-02 12:46:09 [INFO] : 得到 [红后] 最新威胁情报 [0] 条
2023-04-02 12:46:09 [INFO] : --------------------------------------------
2023-04-02 12:46:09 [INFO] : ++++++++++++++++++++++++++++++++++++++++++++
2023-04-02 12:46:09 [INFO] : 正在获取 [Tenable (Nessus)] 威胁情报...
2023-04-02 12:46:09 [INFO] : 得到 [Tenable (Nessus)] 最新威胁情报 [0] 条
2023-04-02 12:46:09 [INFO] : --------------------------------------------
2023-04-02 12:46:10 [INFO] : [邮件] 正在通过 Github Actions 推送威胁情报...
2023-04-02 13:31:52 [INFO] : ++++++++++++++++++++++++++++++++++++++++++++
2023-04-02 13:31:52 [INFO] : 正在获取 [数字观星POC++] 威胁情报...
2023-04-02 13:31:53 [INFO] : 得到 [数字观星POC++] 最新威胁情报 [0] 条
2023-04-02 13:31:53 [INFO] : --------------------------------------------
2023-04-02 13:31:53 [INFO] : ++++++++++++++++++++++++++++++++++++++++++++
2023-04-02 13:31:53 [INFO] : 正在获取 [阿里云] 威胁情报...
2023-04-02 13:31:55 [INFO] : 得到 [阿里云] 最新威胁情报 [0] 条
2023-04-02 13:31:55 [INFO] : --------------------------------------------
2023-04-02 13:31:55 [INFO] : ++++++++++++++++++++++++++++++++++++++++++++
2023-04-02 13:31:55 [INFO] : 正在获取 [国家信息安全漏洞共享平台（CNVD）] 威胁情报...
2023-04-02 13:32:19 [INFO] : 得到 [国家信息安全漏洞共享平台（CNVD）] 最新威胁情报 [0] 条
2023-04-02 13:32:19 [INFO] : --------------------------------------------
2023-04-02 13:32:19 [INFO] : ++++++++++++++++++++++++++++++++++++++++++++
2023-04-02 13:32:19 [INFO] : 正在获取 [国家信息安全漏洞库（CNNVD）] 威胁情报...
2023-04-02 13:32:21 [WARNING] : 获取 [国家信息安全漏洞库（CNNVD）] 威胁情报失败： [HTTP Error 403]
2023-04-02 13:32:21 [INFO] : 得到 [国家信息安全漏洞库（CNNVD）] 最新威胁情报 [0] 条
2023-04-02 13:32:21 [INFO] : --------------------------------------------
2023-04-02 13:32:21 [INFO] : ++++++++++++++++++++++++++++++++++++++++++++
2023-04-02 13:32:21 [INFO] : 正在获取 [360 网络安全响应中心] 威胁情报...
2023-04-02 13:32:23 [INFO] : 得到 [360 网络安全响应中心] 最新威胁情报 [0] 条
2023-04-02 13:32:23 [INFO] : --------------------------------------------
2023-04-02 13:32:23 [INFO] : ++++++++++++++++++++++++++++++++++++++++++++
2023-04-02 13:32:23 [INFO] : 正在获取 [美国国家漏洞数据库（NVD）] 威胁情报...
2023-04-02 13:32:23 [INFO] : 得到 [美国国家漏洞数据库（NVD）] 最新威胁情报 [0] 条
2023-04-02 13:32:23 [INFO] : --------------------------------------------
2023-04-02 13:32:23 [INFO] : ++++++++++++++++++++++++++++++++++++++++++++
2023-04-02 13:32:23 [INFO] : 正在获取 [绿盟] 威胁情报...
2023-04-02 13:32:25 [INFO] : 得到 [绿盟] 最新威胁情报 [0] 条
2023-04-02 13:32:25 [INFO] : --------------------------------------------
2023-04-02 13:32:25 [INFO] : ++++++++++++++++++++++++++++++++++++++++++++
2023-04-02 13:32:25 [INFO] : 正在获取 [奇安信] 威胁情报...
2023-04-02 13:32:31 [INFO] : 得到 [奇安信] 最新威胁情报 [0] 条
2023-04-02 13:32:31 [INFO] : --------------------------------------------
2023-04-02 13:32:31 [INFO] : ++++++++++++++++++++++++++++++++++++++++++++
2023-04-02 13:32:31 [INFO] : 正在获取 [红后] 威胁情报...
2023-04-02 13:32:32 [INFO] : 得到 [红后] 最新威胁情报 [0] 条
2023-04-02 13:32:32 [INFO] : --------------------------------------------
2023-04-02 13:32:32 [INFO] : ++++++++++++++++++++++++++++++++++++++++++++
2023-04-02 13:32:32 [INFO] : 正在获取 [Tenable (Nessus)] 威胁情报...
2023-04-02 13:32:33 [INFO] : 得到 [Tenable (Nessus)] 最新威胁情报 [0] 条
2023-04-02 13:32:33 [INFO] : --------------------------------------------
